The system is: Linux - 3.3.4-5.fc17.i686 - i686
Compiling the CXX compiler identification source file "CMakeCXXCompilerId.cpp" succeeded.
Compiler: /usr/bin/c++ 
Build flags: 
Id flags: 

The output was:
0


Compilation of the CXX compiler identification source "CMakeCXXCompilerId.cpp" produced "a.out"

The CXX compiler identification is GNU, found in "/home/rodrygojose/opencv_polimi/release/CMakeFiles/CompilerIdCXX/a.out"

Compiling the C compiler identification source file "CMakeCCompilerId.c" succeeded.
Compiler: /usr/bin/gcc 
Build flags: 
Id flags: 

The output was:
0


Compilation of the C compiler identification source "CMakeCCompilerId.c" produced "a.out"

The C compiler identification is GNU, found in "/home/rodrygojose/opencv_polimi/release/CMakeFiles/CompilerIdC/a.out"

Determining if the CXX compiler works passed with the following output:
Change Dir: /home/rodrygojose/opencv_polimi/release/CMakeFiles/CMakeTmp

Run Build Command:/usr/bin/gmake "cmTryCompileExec1817611574/fast"
/usr/bin/gmake -f CMakeFiles/cmTryCompileExec1817611574.dir/build.make CMakeFiles/cmTryCompileExec1817611574.dir/build
gmake[1]: Entering directory `/home/rodrygojose/opencv_polimi/release/CMakeFiles/CMakeTmp'
/usr/bin/cmake -E cmake_progress_report /home/rodrygojose/opencv_polimi/release/CMakeFiles/CMakeTmp/CMakeFiles 1
Building CXX object CMakeFiles/cmTryCompileExec1817611574.dir/testCXXCompiler.cxx.o
/usr/bin/c++     -o CMakeFiles/cmTryCompileExec1817611574.dir/testCXXCompiler.cxx.o -c /home/rodrygojose/opencv_polimi/release/CMakeFiles/CMakeTmp/testCXXCompiler.cxx
Linking CXX executable cmTryCompileExec1817611574
/usr/bin/cmake -E cmake_link_script CMakeFiles/cmTryCompileExec1817611574.dir/link.txt --verbose=1
/usr/bin/c++          CMakeFiles/cmTryCompileExec1817611574.dir/testCXXCompiler.cxx.o  -o cmTryCompileExec1817611574 -rdynamic 
gmake[1]: Leaving directory `/home/rodrygojose/opencv_polimi/release/CMakeFiles/CMakeTmp'


Detecting CXX compiler ABI info compiled with the following output:
Change Dir: /home/rodrygojose/opencv_polimi/release/CMakeFiles/CMakeTmp

Run Build Command:/usr/bin/gmake "cmTryCompileExec2292042043/fast"
/usr/bin/gmake -f CMakeFiles/cmTryCompileExec2292042043.dir/build.make CMakeFiles/cmTryCompileExec2292042043.dir/build
gmake[1]: Entering directory `/home/rodrygojose/opencv_polimi/release/CMakeFiles/CMakeTmp'
/usr/bin/cmake -E cmake_progress_report /home/rodrygojose/opencv_polimi/release/CMakeFiles/CMakeTmp/CMakeFiles 1
Building CXX object CMakeFiles/cmTryCompileExec2292042043.dir/CMakeCXXCompilerABI.cpp.o
/usr/bin/c++     -o CMakeFiles/cmTryCompileExec2292042043.dir/CMakeCXXCompilerABI.cpp.o -c /usr/share/cmake/Modules/CMakeCXXCompilerABI.cpp
Linking CXX executable cmTryCompileExec2292042043
/usr/bin/cmake -E cmake_link_script CMakeFiles/cmTryCompileExec2292042043.dir/link.txt --verbose=1
/usr/bin/c++        -v CMakeFiles/cmTryCompileExec2292042043.dir/CMakeCXXCompilerABI.cpp.o  -o cmTryCompileExec2292042043 -rdynamic  
Using built-in specs.
COLLECT_GCC=/usr/bin/c++
COLLECT_LTO_WRAPPER=/usr/libexec/gcc/i686-redhat-linux/4.7.2/lto-wrapper
Target: i686-redhat-linux
Configured with: ../configure --prefix=/usr --mandir=/usr/share/man --infodir=/usr/share/info --with-bugurl=http://bugzilla.redhat.com/bugzilla --enable-bootstrap --enable-shared --enable-threads=posix --enable-checking=release --disable-build-with-cxx --disable-build-poststage1-with-cxx --with-system-zlib --enable-__cxa_atexit --disable-libunwind-exceptions --enable-gnu-unique-object --enable-linker-build-id --with-linker-hash-style=gnu --enable-languages=c,c++,objc,obj-c++,java,fortran,ada,go,lto --enable-plugin --enable-initfini-array --enable-java-awt=gtk --disable-dssi --with-java-home=/usr/lib/jvm/java-1.5.0-gcj-1.5.0.0/jre --enable-libgcj-multifile --enable-java-maintainer-mode --with-ecj-jar=/usr/share/java/eclipse-ecj.jar --disable-libjava-multilib --with-ppl --with-cloog --with-tune=generic --with-arch=i686 --build=i686-redhat-linux
Thread model: posix
gcc version 4.7.2 20120921 (Red Hat 4.7.2-2) (GCC) 
COMPILER_PATH=/usr/libexec/gcc/i686-redhat-linux/4.7.2/:/usr/libexec/gcc/i686-redhat-linux/4.7.2/:/usr/libexec/gcc/i686-redhat-linux/:/usr/lib/gcc/i686-redhat-linux/4.7.2/:/usr/lib/gcc/i686-redhat-linux/
LIBRARY_PATH=/usr/lib/gcc/i686-redhat-linux/4.7.2/:/usr/lib/gcc/i686-redhat-linux/4.7.2/../../../:/lib/:/usr/lib/
COLLECT_GCC_OPTIONS='-v' '-o' 'cmTryCompileExec2292042043' '-rdynamic' '-shared-libgcc' '-mtune=generic' '-march=i686'
 /usr/libexec/gcc/i686-redhat-linux/4.7.2/collect2 --build-id --no-add-needed --eh-frame-hdr --hash-style=gnu -m elf_i386 -export-dynamic -dynamic-linker /lib/ld-linux.so.2 -o cmTryCompileExec2292042043 /usr/lib/gcc/i686-redhat-linux/4.7.2/../../../crt1.o /usr/lib/gcc/i686-redhat-linux/4.7.2/../../../crti.o /usr/lib/gcc/i686-redhat-linux/4.7.2/crtbegin.o -L/usr/lib/gcc/i686-redhat-linux/4.7.2 -L/usr/lib/gcc/i686-redhat-linux/4.7.2/../../.. CMakeFiles/cmTryCompileExec2292042043.dir/CMakeCXXCompilerABI.cpp.o -lstdc++ -lm -lgcc_s -lgcc -lc -lgcc_s -lgcc /usr/lib/gcc/i686-redhat-linux/4.7.2/crtend.o /usr/lib/gcc/i686-redhat-linux/4.7.2/../../../crtn.o
gmake[1]: Leaving directory `/home/rodrygojose/opencv_polimi/release/CMakeFiles/CMakeTmp'


Parsed CXX implicit link information from above output:
  link line regex: [^( *|.*[/\])(ld|ld|collect2)[^/\]*( |$)]
  ignore line: [Change Dir: /home/rodrygojose/opencv_polimi/release/CMakeFiles/CMakeTmp]
  ignore line: []
  ignore line: [Run Build Command:/usr/bin/gmake "cmTryCompileExec2292042043/fast"]
  ignore line: [/usr/bin/gmake -f CMakeFiles/cmTryCompileExec2292042043.dir/build.make CMakeFiles/cmTryCompileExec2292042043.dir/build]
  ignore line: [gmake[1]: Entering directory `/home/rodrygojose/opencv_polimi/release/CMakeFiles/CMakeTmp']
  ignore line: [/usr/bin/cmake -E cmake_progress_report /home/rodrygojose/opencv_polimi/release/CMakeFiles/CMakeTmp/CMakeFiles 1]
  ignore line: [Building CXX object CMakeFiles/cmTryCompileExec2292042043.dir/CMakeCXXCompilerABI.cpp.o]
  ignore line: [/usr/bin/c++     -o CMakeFiles/cmTryCompileExec2292042043.dir/CMakeCXXCompilerABI.cpp.o -c /usr/share/cmake/Modules/CMakeCXXCompilerABI.cpp]
  ignore line: [Linking CXX executable cmTryCompileExec2292042043]
  ignore line: [/usr/bin/cmake -E cmake_link_script CMakeFiles/cmTryCompileExec2292042043.dir/link.txt --verbose=1]
  ignore line: [/usr/bin/c++        -v CMakeFiles/cmTryCompileExec2292042043.dir/CMakeCXXCompilerABI.cpp.o  -o cmTryCompileExec2292042043 -rdynamic  ]
  ignore line: [Using built-in specs.]
  ignore line: [COLLECT_GCC=/usr/bin/c++]
  ignore line: [COLLECT_LTO_WRAPPER=/usr/libexec/gcc/i686-redhat-linux/4.7.2/lto-wrapper]
  ignore line: [Target: i686-redhat-linux]
  ignore line: [Configured with: ../configure --prefix=/usr --mandir=/usr/share/man --infodir=/usr/share/info --with-bugurl=http://bugzilla.redhat.com/bugzilla --enable-bootstrap --enable-shared --enable-threads=posix --enable-checking=release --disable-build-with-cxx --disable-build-poststage1-with-cxx --with-system-zlib --enable-__cxa_atexit --disable-libunwind-exceptions --enable-gnu-unique-object --enable-linker-build-id --with-linker-hash-style=gnu --enable-languages=c,c++,objc,obj-c++,java,fortran,ada,go,lto --enable-plugin --enable-initfini-array --enable-java-awt=gtk --disable-dssi --with-java-home=/usr/lib/jvm/java-1.5.0-gcj-1.5.0.0/jre --enable-libgcj-multifile --enable-java-maintainer-mode --with-ecj-jar=/usr/share/java/eclipse-ecj.jar --disable-libjava-multilib --with-ppl --with-cloog --with-tune=generic --with-arch=i686 --build=i686-redhat-linux]
  ignore line: [Thread model: posix]
  ignore line: [gcc version 4.7.2 20120921 (Red Hat 4.7.2-2) (GCC) ]
  ignore line: [COMPILER_PATH=/usr/libexec/gcc/i686-redhat-linux/4.7.2/:/usr/libexec/gcc/i686-redhat-linux/4.7.2/:/usr/libexec/gcc/i686-redhat-linux/:/usr/lib/gcc/i686-redhat-linux/4.7.2/:/usr/lib/gcc/i686-redhat-linux/]
  ignore line: [LIBRARY_PATH=/usr/lib/gcc/i686-redhat-linux/4.7.2/:/usr/lib/gcc/i686-redhat-linux/4.7.2/../../../:/lib/:/usr/lib/]
  ignore line: [COLLECT_GCC_OPTIONS='-v' '-o' 'cmTryCompileExec2292042043' '-rdynamic' '-shared-libgcc' '-mtune=generic' '-march=i686']
  link line: [ /usr/libexec/gcc/i686-redhat-linux/4.7.2/collect2 --build-id --no-add-needed --eh-frame-hdr --hash-style=gnu -m elf_i386 -export-dynamic -dynamic-linker /lib/ld-linux.so.2 -o cmTryCompileExec2292042043 /usr/lib/gcc/i686-redhat-linux/4.7.2/../../../crt1.o /usr/lib/gcc/i686-redhat-linux/4.7.2/../../../crti.o /usr/lib/gcc/i686-redhat-linux/4.7.2/crtbegin.o -L/usr/lib/gcc/i686-redhat-linux/4.7.2 -L/usr/lib/gcc/i686-redhat-linux/4.7.2/../../.. CMakeFiles/cmTryCompileExec2292042043.dir/CMakeCXXCompilerABI.cpp.o -lstdc++ -lm -lgcc_s -lgcc -lc -lgcc_s -lgcc /usr/lib/gcc/i686-redhat-linux/4.7.2/crtend.o /usr/lib/gcc/i686-redhat-linux/4.7.2/../../../crtn.o]
    arg [/usr/libexec/gcc/i686-redhat-linux/4.7.2/collect2] ==> ignore
    arg [--build-id] ==> ignore
    arg [--no-add-needed] ==> ignore
    arg [--eh-frame-hdr] ==> ignore
    arg [--hash-style=gnu] ==> ignore
    arg [-m] ==> ignore
    arg [elf_i386] ==> ignore
    arg [-export-dynamic] ==> ignore
    arg [-dynamic-linker] ==> ignore
    arg [/lib/ld-linux.so.2] ==> ignore
    arg [-o] ==> ignore
    arg [cmTryCompileExec2292042043] ==> ignore
    arg [/usr/lib/gcc/i686-redhat-linux/4.7.2/../../../crt1.o] ==> ignore
    arg [/usr/lib/gcc/i686-redhat-linux/4.7.2/../../../crti.o] ==> ignore
    arg [/usr/lib/gcc/i686-redhat-linux/4.7.2/crtbegin.o] ==> ignore
    arg [-L/usr/lib/gcc/i686-redhat-linux/4.7.2] ==> dir [/usr/lib/gcc/i686-redhat-linux/4.7.2]
    arg [-L/usr/lib/gcc/i686-redhat-linux/4.7.2/../../..] ==> dir [/usr/lib/gcc/i686-redhat-linux/4.7.2/../../..]
    arg [CMakeFiles/cmTryCompileExec2292042043.dir/CMakeCXXCompilerABI.cpp.o] ==> ignore
    arg [-lstdc++] ==> lib [stdc++]
    arg [-lm] ==> lib [m]
    arg [-lgcc_s] ==> lib [gcc_s]
    arg [-lgcc] ==> lib [gcc]
    arg [-lc] ==> lib [c]
    arg [-lgcc_s] ==> lib [gcc_s]
    arg [-lgcc] ==> lib [gcc]
    arg [/usr/lib/gcc/i686-redhat-linux/4.7.2/crtend.o] ==> ignore
    arg [/usr/lib/gcc/i686-redhat-linux/4.7.2/../../../crtn.o] ==> ignore
  remove lib [gcc_s]
  remove lib [gcc]
  remove lib [gcc_s]
  remove lib [gcc]
  collapse dir [/usr/lib/gcc/i686-redhat-linux/4.7.2] ==> [/usr/lib/gcc/i686-redhat-linux/4.7.2]
  collapse dir [/usr/lib/gcc/i686-redhat-linux/4.7.2/../../..] ==> [/usr/lib]
  implicit libs: [stdc++;m;c]
  implicit dirs: [/usr/lib/gcc/i686-redhat-linux/4.7.2;/usr/lib]


Determining if the C compiler works passed with the following output:
Change Dir: /home/rodrygojose/opencv_polimi/release/CMakeFiles/CMakeTmp

Run Build Command:/usr/bin/gmake "cmTryCompileExec2411180789/fast"
/usr/bin/gmake -f CMakeFiles/cmTryCompileExec2411180789.dir/build.make CMakeFiles/cmTryCompileExec2411180789.dir/build
gmake[1]: Entering directory `/home/rodrygojose/opencv_polimi/release/CMakeFiles/CMakeTmp'
/usr/bin/cmake -E cmake_progress_report /home/rodrygojose/opencv_polimi/release/CMakeFiles/CMakeTmp/CMakeFiles 1
Building C object CMakeFiles/cmTryCompileExec2411180789.dir/testCCompiler.c.o
/usr/bin/gcc    -o CMakeFiles/cmTryCompileExec2411180789.dir/testCCompiler.c.o   -c /home/rodrygojose/opencv_polimi/release/CMakeFiles/CMakeTmp/testCCompiler.c
Linking C executable cmTryCompileExec2411180789
/usr/bin/cmake -E cmake_link_script CMakeFiles/cmTryCompileExec2411180789.dir/link.txt --verbose=1
/usr/bin/gcc         CMakeFiles/cmTryCompileExec2411180789.dir/testCCompiler.c.o  -o cmTryCompileExec2411180789 -rdynamic 
gmake[1]: Leaving directory `/home/rodrygojose/opencv_polimi/release/CMakeFiles/CMakeTmp'


Detecting C compiler ABI info compiled with the following output:
Change Dir: /home/rodrygojose/opencv_polimi/release/CMakeFiles/CMakeTmp

Run Build Command:/usr/bin/gmake "cmTryCompileExec2583082389/fast"
/usr/bin/gmake -f CMakeFiles/cmTryCompileExec2583082389.dir/build.make CMakeFiles/cmTryCompileExec2583082389.dir/build
gmake[1]: Entering directory `/home/rodrygojose/opencv_polimi/release/CMakeFiles/CMakeTmp'
/usr/bin/cmake -E cmake_progress_report /home/rodrygojose/opencv_polimi/release/CMakeFiles/CMakeTmp/CMakeFiles 1
Building C object CMakeFiles/cmTryCompileExec2583082389.dir/CMakeCCompilerABI.c.o
/usr/bin/gcc    -o CMakeFiles/cmTryCompileExec2583082389.dir/CMakeCCompilerABI.c.o   -c /usr/share/cmake/Modules/CMakeCCompilerABI.c
Linking C executable cmTryCompileExec2583082389
/usr/bin/cmake -E cmake_link_script CMakeFiles/cmTryCompileExec2583082389.dir/link.txt --verbose=1
/usr/bin/gcc       -v CMakeFiles/cmTryCompileExec2583082389.dir/CMakeCCompilerABI.c.o  -o cmTryCompileExec2583082389 -rdynamic  
Using built-in specs.
COLLECT_GCC=/usr/bin/gcc
COLLECT_LTO_WRAPPER=/usr/libexec/gcc/i686-redhat-linux/4.7.2/lto-wrapper
Target: i686-redhat-linux
Configured with: ../configure --prefix=/usr --mandir=/usr/share/man --infodir=/usr/share/info --with-bugurl=http://bugzilla.redhat.com/bugzilla --enable-bootstrap --enable-shared --enable-threads=posix --enable-checking=release --disable-build-with-cxx --disable-build-poststage1-with-cxx --with-system-zlib --enable-__cxa_atexit --disable-libunwind-exceptions --enable-gnu-unique-object --enable-linker-build-id --with-linker-hash-style=gnu --enable-languages=c,c++,objc,obj-c++,java,fortran,ada,go,lto --enable-plugin --enable-initfini-array --enable-java-awt=gtk --disable-dssi --with-java-home=/usr/lib/jvm/java-1.5.0-gcj-1.5.0.0/jre --enable-libgcj-multifile --enable-java-maintainer-mode --with-ecj-jar=/usr/share/java/eclipse-ecj.jar --disable-libjava-multilib --with-ppl --with-cloog --with-tune=generic --with-arch=i686 --build=i686-redhat-linux
Thread model: posix
gcc version 4.7.2 20120921 (Red Hat 4.7.2-2) (GCC) 
COMPILER_PATH=/usr/libexec/gcc/i686-redhat-linux/4.7.2/:/usr/libexec/gcc/i686-redhat-linux/4.7.2/:/usr/libexec/gcc/i686-redhat-linux/:/usr/lib/gcc/i686-redhat-linux/4.7.2/:/usr/lib/gcc/i686-redhat-linux/
LIBRARY_PATH=/usr/lib/gcc/i686-redhat-linux/4.7.2/:/usr/lib/gcc/i686-redhat-linux/4.7.2/../../../:/lib/:/usr/lib/
COLLECT_GCC_OPTIONS='-v' '-o' 'cmTryCompileExec2583082389' '-rdynamic' '-mtune=generic' '-march=i686'
 /usr/libexec/gcc/i686-redhat-linux/4.7.2/collect2 --build-id --no-add-needed --eh-frame-hdr --hash-style=gnu -m elf_i386 -export-dynamic -dynamic-linker /lib/ld-linux.so.2 -o cmTryCompileExec2583082389 /usr/lib/gcc/i686-redhat-linux/4.7.2/../../../crt1.o /usr/lib/gcc/i686-redhat-linux/4.7.2/../../../crti.o /usr/lib/gcc/i686-redhat-linux/4.7.2/crtbegin.o -L/usr/lib/gcc/i686-redhat-linux/4.7.2 -L/usr/lib/gcc/i686-redhat-linux/4.7.2/../../.. CMakeFiles/cmTryCompileExec2583082389.dir/CMakeCCompilerABI.c.o -lgcc --as-needed -lgcc_s --no-as-needed -lc -lgcc --as-needed -lgcc_s --no-as-needed /usr/lib/gcc/i686-redhat-linux/4.7.2/crtend.o /usr/lib/gcc/i686-redhat-linux/4.7.2/../../../crtn.o
gmake[1]: Leaving directory `/home/rodrygojose/opencv_polimi/release/CMakeFiles/CMakeTmp'


Parsed C implicit link information from above output:
  link line regex: [^( *|.*[/\])(ld|ld|collect2)[^/\]*( |$)]
  ignore line: [Change Dir: /home/rodrygojose/opencv_polimi/release/CMakeFiles/CMakeTmp]
  ignore line: []
  ignore line: [Run Build Command:/usr/bin/gmake "cmTryCompileExec2583082389/fast"]
  ignore line: [/usr/bin/gmake -f CMakeFiles/cmTryCompileExec2583082389.dir/build.make CMakeFiles/cmTryCompileExec2583082389.dir/build]
  ignore line: [gmake[1]: Entering directory `/home/rodrygojose/opencv_polimi/release/CMakeFiles/CMakeTmp']
  ignore line: [/usr/bin/cmake -E cmake_progress_report /home/rodrygojose/opencv_polimi/release/CMakeFiles/CMakeTmp/CMakeFiles 1]
  ignore line: [Building C object CMakeFiles/cmTryCompileExec2583082389.dir/CMakeCCompilerABI.c.o]
  ignore line: [/usr/bin/gcc    -o CMakeFiles/cmTryCompileExec2583082389.dir/CMakeCCompilerABI.c.o   -c /usr/share/cmake/Modules/CMakeCCompilerABI.c]
  ignore line: [Linking C executable cmTryCompileExec2583082389]
  ignore line: [/usr/bin/cmake -E cmake_link_script CMakeFiles/cmTryCompileExec2583082389.dir/link.txt --verbose=1]
  ignore line: [/usr/bin/gcc       -v CMakeFiles/cmTryCompileExec2583082389.dir/CMakeCCompilerABI.c.o  -o cmTryCompileExec2583082389 -rdynamic  ]
  ignore line: [Using built-in specs.]
  ignore line: [COLLECT_GCC=/usr/bin/gcc]
  ignore line: [COLLECT_LTO_WRAPPER=/usr/libexec/gcc/i686-redhat-linux/4.7.2/lto-wrapper]
  ignore line: [Target: i686-redhat-linux]
  ignore line: [Configured with: ../configure --prefix=/usr --mandir=/usr/share/man --infodir=/usr/share/info --with-bugurl=http://bugzilla.redhat.com/bugzilla --enable-bootstrap --enable-shared --enable-threads=posix --enable-checking=release --disable-build-with-cxx --disable-build-poststage1-with-cxx --with-system-zlib --enable-__cxa_atexit --disable-libunwind-exceptions --enable-gnu-unique-object --enable-linker-build-id --with-linker-hash-style=gnu --enable-languages=c,c++,objc,obj-c++,java,fortran,ada,go,lto --enable-plugin --enable-initfini-array --enable-java-awt=gtk --disable-dssi --with-java-home=/usr/lib/jvm/java-1.5.0-gcj-1.5.0.0/jre --enable-libgcj-multifile --enable-java-maintainer-mode --with-ecj-jar=/usr/share/java/eclipse-ecj.jar --disable-libjava-multilib --with-ppl --with-cloog --with-tune=generic --with-arch=i686 --build=i686-redhat-linux]
  ignore line: [Thread model: posix]
  ignore line: [gcc version 4.7.2 20120921 (Red Hat 4.7.2-2) (GCC) ]
  ignore line: [COMPILER_PATH=/usr/libexec/gcc/i686-redhat-linux/4.7.2/:/usr/libexec/gcc/i686-redhat-linux/4.7.2/:/usr/libexec/gcc/i686-redhat-linux/:/usr/lib/gcc/i686-redhat-linux/4.7.2/:/usr/lib/gcc/i686-redhat-linux/]
  ignore line: [LIBRARY_PATH=/usr/lib/gcc/i686-redhat-linux/4.7.2/:/usr/lib/gcc/i686-redhat-linux/4.7.2/../../../:/lib/:/usr/lib/]
  ignore line: [COLLECT_GCC_OPTIONS='-v' '-o' 'cmTryCompileExec2583082389' '-rdynamic' '-mtune=generic' '-march=i686']
  link line: [ /usr/libexec/gcc/i686-redhat-linux/4.7.2/collect2 --build-id --no-add-needed --eh-frame-hdr --hash-style=gnu -m elf_i386 -export-dynamic -dynamic-linker /lib/ld-linux.so.2 -o cmTryCompileExec2583082389 /usr/lib/gcc/i686-redhat-linux/4.7.2/../../../crt1.o /usr/lib/gcc/i686-redhat-linux/4.7.2/../../../crti.o /usr/lib/gcc/i686-redhat-linux/4.7.2/crtbegin.o -L/usr/lib/gcc/i686-redhat-linux/4.7.2 -L/usr/lib/gcc/i686-redhat-linux/4.7.2/../../.. CMakeFiles/cmTryCompileExec2583082389.dir/CMakeCCompilerABI.c.o -lgcc --as-needed -lgcc_s --no-as-needed -lc -lgcc --as-needed -lgcc_s --no-as-needed /usr/lib/gcc/i686-redhat-linux/4.7.2/crtend.o /usr/lib/gcc/i686-redhat-linux/4.7.2/../../../crtn.o]
    arg [/usr/libexec/gcc/i686-redhat-linux/4.7.2/collect2] ==> ignore
    arg [--build-id] ==> ignore
    arg [--no-add-needed] ==> ignore
    arg [--eh-frame-hdr] ==> ignore
    arg [--hash-style=gnu] ==> ignore
    arg [-m] ==> ignore
    arg [elf_i386] ==> ignore
    arg [-export-dynamic] ==> ignore
    arg [-dynamic-linker] ==> ignore
    arg [/lib/ld-linux.so.2] ==> ignore
    arg [-o] ==> ignore
    arg [cmTryCompileExec2583082389] ==> ignore
    arg [/usr/lib/gcc/i686-redhat-linux/4.7.2/../../../crt1.o] ==> ignore
    arg [/usr/lib/gcc/i686-redhat-linux/4.7.2/../../../crti.o] ==> ignore
    arg [/usr/lib/gcc/i686-redhat-linux/4.7.2/crtbegin.o] ==> ignore
    arg [-L/usr/lib/gcc/i686-redhat-linux/4.7.2] ==> dir [/usr/lib/gcc/i686-redhat-linux/4.7.2]
    arg [-L/usr/lib/gcc/i686-redhat-linux/4.7.2/../../..] ==> dir [/usr/lib/gcc/i686-redhat-linux/4.7.2/../../..]
    arg [CMakeFiles/cmTryCompileExec2583082389.dir/CMakeCCompilerABI.c.o] ==> ignore
    arg [-lgcc] ==> lib [gcc]
    arg [--as-needed] ==> ignore
    arg [-lgcc_s] ==> lib [gcc_s]
    arg [--no-as-needed] ==> ignore
    arg [-lc] ==> lib [c]
    arg [-lgcc] ==> lib [gcc]
    arg [--as-needed] ==> ignore
    arg [-lgcc_s] ==> lib [gcc_s]
    arg [--no-as-needed] ==> ignore
    arg [/usr/lib/gcc/i686-redhat-linux/4.7.2/crtend.o] ==> ignore
    arg [/usr/lib/gcc/i686-redhat-linux/4.7.2/../../../crtn.o] ==> ignore
  remove lib [gcc]
  remove lib [gcc_s]
  remove lib [gcc]
  remove lib [gcc_s]
  collapse dir [/usr/lib/gcc/i686-redhat-linux/4.7.2] ==> [/usr/lib/gcc/i686-redhat-linux/4.7.2]
  collapse dir [/usr/lib/gcc/i686-redhat-linux/4.7.2/../../..] ==> [/usr/lib]
  implicit libs: [c]
  implicit dirs: [/usr/lib/gcc/i686-redhat-linux/4.7.2;/usr/lib]


Determining if the include file alloca.h exists passed with the following output:
Change Dir: /home/rodrygojose/opencv_polimi/release/CMakeFiles/CMakeTmp

Run Build Command:/usr/bin/gmake "cmTryCompileExec678063518/fast"
/usr/bin/gmake -f CMakeFiles/cmTryCompileExec678063518.dir/build.make CMakeFiles/cmTryCompileExec678063518.dir/build
gmake[1]: Entering directory `/home/rodrygojose/opencv_polimi/release/CMakeFiles/CMakeTmp'
/usr/bin/cmake -E cmake_progress_report /home/rodrygojose/opencv_polimi/release/CMakeFiles/CMakeTmp/CMakeFiles 1
Building C object CMakeFiles/cmTryCompileExec678063518.dir/CheckIncludeFile.c.o
/usr/bin/gcc   -W -Wall -Werror=return-type -Werror=address -Werror=sequence-point -Wformat -Werror=format-security -Wmissing-declarations -Wmissing-prototypes -Wstrict-prototypes -Wundef -Winit-self -Wpointer-arith -Wshadow -Wno-narrowing -fdiagnostics-show-option -pthread -march=i686 -fomit-frame-pointer -msse -msse2 -msse3 -mfpmath=sse -ffunction-sections   -O3 -DNDEBUG   -o CMakeFiles/cmTryCompileExec678063518.dir/CheckIncludeFile.c.o   -c /home/rodrygojose/opencv_polimi/release/CMakeFiles/CMakeTmp/CheckIncludeFile.c
Linking C executable cmTryCompileExec678063518
/usr/bin/cmake -E cmake_link_script CMakeFiles/cmTryCompileExec678063518.dir/link.txt --verbose=1
/usr/bin/gcc      -W -Wall -Werror=return-type -Werror=address -Werror=sequence-point -Wformat -Werror=format-security -Wmissing-declarations -Wmissing-prototypes -Wstrict-prototypes -Wundef -Winit-self -Wpointer-arith -Wshadow -Wno-narrowing -fdiagnostics-show-option -pthread -march=i686 -fomit-frame-pointer -msse -msse2 -msse3 -mfpmath=sse -ffunction-sections   -O3 -DNDEBUG    CMakeFiles/cmTryCompileExec678063518.dir/CheckIncludeFile.c.o  -o cmTryCompileExec678063518 -rdynamic 
gmake[1]: Leaving directory `/home/rodrygojose/opencv_polimi/release/CMakeFiles/CMakeTmp'


Determining if the include file unistd.h exists passed with the following output:
Change Dir: /home/rodrygojose/opencv_polimi/release/CMakeFiles/CMakeTmp

Run Build Command:/usr/bin/gmake "cmTryCompileExec545397712/fast"
/usr/bin/gmake -f CMakeFiles/cmTryCompileExec545397712.dir/build.make CMakeFiles/cmTryCompileExec545397712.dir/build
gmake[1]: Entering directory `/home/rodrygojose/opencv_polimi/release/CMakeFiles/CMakeTmp'
/usr/bin/cmake -E cmake_progress_report /home/rodrygojose/opencv_polimi/release/CMakeFiles/CMakeTmp/CMakeFiles 1
Building C object CMakeFiles/cmTryCompileExec545397712.dir/CheckIncludeFile.c.o
/usr/bin/gcc   -W -Wall -Werror=return-type -Werror=address -Werror=sequence-point -Wformat -Werror=format-security -Wmissing-declarations -Wmissing-prototypes -Wstrict-prototypes -Wundef -Winit-self -Wpointer-arith -Wshadow -Wno-narrowing -fdiagnostics-show-option -pthread -march=i686 -fomit-frame-pointer -msse -msse2 -msse3 -mfpmath=sse -ffunction-sections   -O3 -DNDEBUG   -o CMakeFiles/cmTryCompileExec545397712.dir/CheckIncludeFile.c.o   -c /home/rodrygojose/opencv_polimi/release/CMakeFiles/CMakeTmp/CheckIncludeFile.c
Linking C executable cmTryCompileExec545397712
/usr/bin/cmake -E cmake_link_script CMakeFiles/cmTryCompileExec545397712.dir/link.txt --verbose=1
/usr/bin/gcc      -W -Wall -Werror=return-type -Werror=address -Werror=sequence-point -Wformat -Werror=format-security -Wmissing-declarations -Wmissing-prototypes -Wstrict-prototypes -Wundef -Winit-self -Wpointer-arith -Wshadow -Wno-narrowing -fdiagnostics-show-option -pthread -march=i686 -fomit-frame-pointer -msse -msse2 -msse3 -mfpmath=sse -ffunction-sections   -O3 -DNDEBUG    CMakeFiles/cmTryCompileExec545397712.dir/CheckIncludeFile.c.o  -o cmTryCompileExec545397712 -rdynamic 
gmake[1]: Leaving directory `/home/rodrygojose/opencv_polimi/release/CMakeFiles/CMakeTmp'


Determining if the include file pthread.h exists passed with the following output:
Change Dir: /home/rodrygojose/opencv_polimi/release/CMakeFiles/CMakeTmp

Run Build Command:/usr/bin/gmake "cmTryCompileExec1240112424/fast"
/usr/bin/gmake -f CMakeFiles/cmTryCompileExec1240112424.dir/build.make CMakeFiles/cmTryCompileExec1240112424.dir/build
gmake[1]: Entering directory `/home/rodrygojose/opencv_polimi/release/CMakeFiles/CMakeTmp'
/usr/bin/cmake -E cmake_progress_report /home/rodrygojose/opencv_polimi/release/CMakeFiles/CMakeTmp/CMakeFiles 1
Building C object CMakeFiles/cmTryCompileExec1240112424.dir/CheckIncludeFile.c.o
/usr/bin/gcc   -W -Wall -Werror=return-type -Werror=address -Werror=sequence-point -Wformat -Werror=format-security -Wmissing-declarations -Wmissing-prototypes -Wstrict-prototypes -Wundef -Winit-self -Wpointer-arith -Wshadow -Wno-narrowing -fdiagnostics-show-option -pthread -march=i686 -fomit-frame-pointer -msse -msse2 -msse3 -mfpmath=sse -ffunction-sections   -O3 -DNDEBUG   -o CMakeFiles/cmTryCompileExec1240112424.dir/CheckIncludeFile.c.o   -c /home/rodrygojose/opencv_polimi/release/CMakeFiles/CMakeTmp/CheckIncludeFile.c
Linking C executable cmTryCompileExec1240112424
/usr/bin/cmake -E cmake_link_script CMakeFiles/cmTryCompileExec1240112424.dir/link.txt --verbose=1
/usr/bin/gcc      -W -Wall -Werror=return-type -Werror=address -Werror=sequence-point -Wformat -Werror=format-security -Wmissing-declarations -Wmissing-prototypes -Wstrict-prototypes -Wundef -Winit-self -Wpointer-arith -Wshadow -Wno-narrowing -fdiagnostics-show-option -pthread -march=i686 -fomit-frame-pointer -msse -msse2 -msse3 -mfpmath=sse -ffunction-sections   -O3 -DNDEBUG    CMakeFiles/cmTryCompileExec1240112424.dir/CheckIncludeFile.c.o  -o cmTryCompileExec1240112424 -rdynamic 
gmake[1]: Leaving directory `/home/rodrygojose/opencv_polimi/release/CMakeFiles/CMakeTmp'


Determining if the include file assert.h exists passed with the following output:
Change Dir: /home/rodrygojose/opencv_polimi/release/CMakeFiles/CMakeTmp

Run Build Command:/usr/bin/gmake "cmTryCompileExec3996734779/fast"
/usr/bin/gmake -f CMakeFiles/cmTryCompileExec3996734779.dir/build.make CMakeFiles/cmTryCompileExec3996734779.dir/build
gmake[1]: Entering directory `/home/rodrygojose/opencv_polimi/release/CMakeFiles/CMakeTmp'
/usr/bin/cmake -E cmake_progress_report /home/rodrygojose/opencv_polimi/release/CMakeFiles/CMakeTmp/CMakeFiles 1
Building C object CMakeFiles/cmTryCompileExec3996734779.dir/CheckIncludeFile.c.o
/usr/bin/gcc   -W -Wall -Werror=return-type -Werror=address -Werror=sequence-point -Wformat -Werror=format-security -Wmissing-declarations -Wmissing-prototypes -Wstrict-prototypes -Wundef -Winit-self -Wpointer-arith -Wshadow -Wno-narrowing -fdiagnostics-show-option -pthread -march=i686 -fomit-frame-pointer -msse -msse2 -msse3 -mfpmath=sse -ffunction-sections   -O3 -DNDEBUG   -o CMakeFiles/cmTryCompileExec3996734779.dir/CheckIncludeFile.c.o   -c /home/rodrygojose/opencv_polimi/release/CMakeFiles/CMakeTmp/CheckIncludeFile.c
Linking C executable cmTryCompileExec3996734779
/usr/bin/cmake -E cmake_link_script CMakeFiles/cmTryCompileExec3996734779.dir/link.txt --verbose=1
/usr/bin/gcc      -W -Wall -Werror=return-type -Werror=address -Werror=sequence-point -Wformat -Werror=format-security -Wmissing-declarations -Wmissing-prototypes -Wstrict-prototypes -Wundef -Winit-self -Wpointer-arith -Wshadow -Wno-narrowing -fdiagnostics-show-option -pthread -march=i686 -fomit-frame-pointer -msse -msse2 -msse3 -mfpmath=sse -ffunction-sections   -O3 -DNDEBUG    CMakeFiles/cmTryCompileExec3996734779.dir/CheckIncludeFile.c.o  -o cmTryCompileExec3996734779 -rdynamic 
gmake[1]: Leaving directory `/home/rodrygojose/opencv_polimi/release/CMakeFiles/CMakeTmp'


Determining if the include file fcntl.h exists passed with the following output:
Change Dir: /home/rodrygojose/opencv_polimi/release/CMakeFiles/CMakeTmp

Run Build Command:/usr/bin/gmake "cmTryCompileExec2708688188/fast"
/usr/bin/gmake -f CMakeFiles/cmTryCompileExec2708688188.dir/build.make CMakeFiles/cmTryCompileExec2708688188.dir/build
gmake[1]: Entering directory `/home/rodrygojose/opencv_polimi/release/CMakeFiles/CMakeTmp'
/usr/bin/cmake -E cmake_progress_report /home/rodrygojose/opencv_polimi/release/CMakeFiles/CMakeTmp/CMakeFiles 1
Building C object CMakeFiles/cmTryCompileExec2708688188.dir/CheckIncludeFile.c.o
/usr/bin/gcc   -W -Wall -Werror=return-type -Werror=address -Werror=sequence-point -Wformat -Werror=format-security -Wmissing-declarations -Wmissing-prototypes -Wstrict-prototypes -Wundef -Winit-self -Wpointer-arith -Wshadow -Wno-narrowing -fdiagnostics-show-option -pthread -march=i686 -fomit-frame-pointer -msse -msse2 -msse3 -mfpmath=sse -ffunction-sections   -O3 -DNDEBUG   -o CMakeFiles/cmTryCompileExec2708688188.dir/CheckIncludeFile.c.o   -c /home/rodrygojose/opencv_polimi/release/CMakeFiles/CMakeTmp/CheckIncludeFile.c
Linking C executable cmTryCompileExec2708688188
/usr/bin/cmake -E cmake_link_script CMakeFiles/cmTryCompileExec2708688188.dir/link.txt --verbose=1
/usr/bin/gcc      -W -Wall -Werror=return-type -Werror=address -Werror=sequence-point -Wformat -Werror=format-security -Wmissing-declarations -Wmissing-prototypes -Wstrict-prototypes -Wundef -Winit-self -Wpointer-arith -Wshadow -Wno-narrowing -fdiagnostics-show-option -pthread -march=i686 -fomit-frame-pointer -msse -msse2 -msse3 -mfpmath=sse -ffunction-sections   -O3 -DNDEBUG    CMakeFiles/cmTryCompileExec2708688188.dir/CheckIncludeFile.c.o  -o cmTryCompileExec2708688188 -rdynamic 
gmake[1]: Leaving directory `/home/rodrygojose/opencv_polimi/release/CMakeFiles/CMakeTmp'


Determining if the function mmap exists passed with the following output:
Change Dir: /home/rodrygojose/opencv_polimi/release/CMakeFiles/CMakeTmp

Run Build Command:/usr/bin/gmake "cmTryCompileExec440022751/fast"
/usr/bin/gmake -f CMakeFiles/cmTryCompileExec440022751.dir/build.make CMakeFiles/cmTryCompileExec440022751.dir/build
gmake[1]: Entering directory `/home/rodrygojose/opencv_polimi/release/CMakeFiles/CMakeTmp'
/usr/bin/cmake -E cmake_progress_report /home/rodrygojose/opencv_polimi/release/CMakeFiles/CMakeTmp/CMakeFiles 1
Building C object CMakeFiles/cmTryCompileExec440022751.dir/CheckFunctionExists.c.o
/usr/bin/gcc   -W -Wall -Werror=return-type -Werror=address -Werror=sequence-point -Wformat -Werror=format-security -Wmissing-declarations -Wmissing-prototypes -Wstrict-prototypes -Wundef -Winit-self -Wpointer-arith -Wshadow -Wno-narrowing -fdiagnostics-show-option -pthread -march=i686 -fomit-frame-pointer -msse -msse2 -msse3 -mfpmath=sse -ffunction-sections  -DCHECK_FUNCTION_EXISTS=mmap -O3 -DNDEBUG   -o CMakeFiles/cmTryCompileExec440022751.dir/CheckFunctionExists.c.o   -c /usr/share/cmake/Modules/CheckFunctionExists.c
/usr/share/cmake/Modules/CheckFunctionExists.c:3:1: warning: function declaration isn’t a prototype [-Wstrict-prototypes]
Linking C executable cmTryCompileExec440022751
/usr/bin/cmake -E cmake_link_script CMakeFiles/cmTryCompileExec440022751.dir/link.txt --verbose=1
/usr/bin/gcc      -W -Wall -Werror=return-type -Werror=address -Werror=sequence-point -Wformat -Werror=format-security -Wmissing-declarations -Wmissing-prototypes -Wstrict-prototypes -Wundef -Winit-self -Wpointer-arith -Wshadow -Wno-narrowing -fdiagnostics-show-option -pthread -march=i686 -fomit-frame-pointer -msse -msse2 -msse3 -mfpmath=sse -ffunction-sections  -DCHECK_FUNCTION_EXISTS=mmap -O3 -DNDEBUG    CMakeFiles/cmTryCompileExec440022751.dir/CheckFunctionExists.c.o  -o cmTryCompileExec440022751 -rdynamic 
gmake[1]: Leaving directory `/home/rodrygojose/opencv_polimi/release/CMakeFiles/CMakeTmp'


Determining if the include file search.h exists passed with the following output:
Change Dir: /home/rodrygojose/opencv_polimi/release/CMakeFiles/CMakeTmp

Run Build Command:/usr/bin/gmake "cmTryCompileExec427358807/fast"
/usr/bin/gmake -f CMakeFiles/cmTryCompileExec427358807.dir/build.make CMakeFiles/cmTryCompileExec427358807.dir/build
gmake[1]: Entering directory `/home/rodrygojose/opencv_polimi/release/CMakeFiles/CMakeTmp'
/usr/bin/cmake -E cmake_progress_report /home/rodrygojose/opencv_polimi/release/CMakeFiles/CMakeTmp/CMakeFiles 1
Building C object CMakeFiles/cmTryCompileExec427358807.dir/CheckIncludeFile.c.o
/usr/bin/gcc   -W -Wall -Werror=return-type -Werror=address -Werror=sequence-point -Wformat -Werror=format-security -Wmissing-declarations -Wmissing-prototypes -Wstrict-prototypes -Wundef -Winit-self -Wpointer-arith -Wshadow -Wno-narrowing -fdiagnostics-show-option -pthread -march=i686 -fomit-frame-pointer -msse -msse2 -msse3 -mfpmath=sse -ffunction-sections   -O3 -DNDEBUG   -o CMakeFiles/cmTryCompileExec427358807.dir/CheckIncludeFile.c.o   -c /home/rodrygojose/opencv_polimi/release/CMakeFiles/CMakeTmp/CheckIncludeFile.c
Linking C executable cmTryCompileExec427358807
/usr/bin/cmake -E cmake_link_script CMakeFiles/cmTryCompileExec427358807.dir/link.txt --verbose=1
/usr/bin/gcc      -W -Wall -Werror=return-type -Werror=address -Werror=sequence-point -Wformat -Werror=format-security -Wmissing-declarations -Wmissing-prototypes -Wstrict-prototypes -Wundef -Winit-self -Wpointer-arith -Wshadow -Wno-narrowing -fdiagnostics-show-option -pthread -march=i686 -fomit-frame-pointer -msse -msse2 -msse3 -mfpmath=sse -ffunction-sections   -O3 -DNDEBUG    CMakeFiles/cmTryCompileExec427358807.dir/CheckIncludeFile.c.o  -o cmTryCompileExec427358807 -rdynamic 
gmake[1]: Leaving directory `/home/rodrygojose/opencv_polimi/release/CMakeFiles/CMakeTmp'


Determining if the include file string.h exists passed with the following output:
Change Dir: /home/rodrygojose/opencv_polimi/release/CMakeFiles/CMakeTmp

Run Build Command:/usr/bin/gmake "cmTryCompileExec2597676570/fast"
/usr/bin/gmake -f CMakeFiles/cmTryCompileExec2597676570.dir/build.make CMakeFiles/cmTryCompileExec2597676570.dir/build
gmake[1]: Entering directory `/home/rodrygojose/opencv_polimi/release/CMakeFiles/CMakeTmp'
/usr/bin/cmake -E cmake_progress_report /home/rodrygojose/opencv_polimi/release/CMakeFiles/CMakeTmp/CMakeFiles 1
Building C object CMakeFiles/cmTryCompileExec2597676570.dir/CheckIncludeFile.c.o
/usr/bin/gcc   -W -Wall -Werror=return-type -Werror=address -Werror=sequence-point -Wformat -Werror=format-security -Wmissing-declarations -Wmissing-prototypes -Wstrict-prototypes -Wundef -Winit-self -Wpointer-arith -Wshadow -Wno-narrowing -fdiagnostics-show-option -pthread -march=i686 -fomit-frame-pointer -msse -msse2 -msse3 -mfpmath=sse -ffunction-sections   -O3 -DNDEBUG   -o CMakeFiles/cmTryCompileExec2597676570.dir/CheckIncludeFile.c.o   -c /home/rodrygojose/opencv_polimi/release/CMakeFiles/CMakeTmp/CheckIncludeFile.c
Linking C executable cmTryCompileExec2597676570
/usr/bin/cmake -E cmake_link_script CMakeFiles/cmTryCompileExec2597676570.dir/link.txt --verbose=1
/usr/bin/gcc      -W -Wall -Werror=return-type -Werror=address -Werror=sequence-point -Wformat -Werror=format-security -Wmissing-declarations -Wmissing-prototypes -Wstrict-prototypes -Wundef -Winit-self -Wpointer-arith -Wshadow -Wno-narrowing -fdiagnostics-show-option -pthread -march=i686 -fomit-frame-pointer -msse -msse2 -msse3 -mfpmath=sse -ffunction-sections   -O3 -DNDEBUG    CMakeFiles/cmTryCompileExec2597676570.dir/CheckIncludeFile.c.o  -o cmTryCompileExec2597676570 -rdynamic 
gmake[1]: Leaving directory `/home/rodrygojose/opencv_polimi/release/CMakeFiles/CMakeTmp'


Determining if the include file sys/types.h exists passed with the following output:
Change Dir: /home/rodrygojose/opencv_polimi/release/CMakeFiles/CMakeTmp

Run Build Command:/usr/bin/gmake "cmTryCompileExec1513764596/fast"
/usr/bin/gmake -f CMakeFiles/cmTryCompileExec1513764596.dir/build.make CMakeFiles/cmTryCompileExec1513764596.dir/build
gmake[1]: Entering directory `/home/rodrygojose/opencv_polimi/release/CMakeFiles/CMakeTmp'
/usr/bin/cmake -E cmake_progress_report /home/rodrygojose/opencv_polimi/release/CMakeFiles/CMakeTmp/CMakeFiles 1
Building C object CMakeFiles/cmTryCompileExec1513764596.dir/CheckIncludeFile.c.o
/usr/bin/gcc   -W -Wall -Werror=return-type -Werror=address -Werror=sequence-point -Wformat -Werror=format-security -Wmissing-declarations -Wmissing-prototypes -Wstrict-prototypes -Wundef -Winit-self -Wpointer-arith -Wshadow -Wno-narrowing -fdiagnostics-show-option -pthread -march=i686 -fomit-frame-pointer -msse -msse2 -msse3 -mfpmath=sse -ffunction-sections   -O3 -DNDEBUG   -o CMakeFiles/cmTryCompileExec1513764596.dir/CheckIncludeFile.c.o   -c /home/rodrygojose/opencv_polimi/release/CMakeFiles/CMakeTmp/CheckIncludeFile.c
Linking C executable cmTryCompileExec1513764596
/usr/bin/cmake -E cmake_link_script CMakeFiles/cmTryCompileExec1513764596.dir/link.txt --verbose=1
/usr/bin/gcc      -W -Wall -Werror=return-type -Werror=address -Werror=sequence-point -Wformat -Werror=format-security -Wmissing-declarations -Wmissing-prototypes -Wstrict-prototypes -Wundef -Winit-self -Wpointer-arith -Wshadow -Wno-narrowing -fdiagnostics-show-option -pthread -march=i686 -fomit-frame-pointer -msse -msse2 -msse3 -mfpmath=sse -ffunction-sections   -O3 -DNDEBUG    CMakeFiles/cmTryCompileExec1513764596.dir/CheckIncludeFile.c.o  -o cmTryCompileExec1513764596 -rdynamic 
gmake[1]: Leaving directory `/home/rodrygojose/opencv_polimi/release/CMakeFiles/CMakeTmp'


Determining if the include file /usr/include/png.h exists passed with the following output:
Change Dir: /home/rodrygojose/opencv_polimi/release/CMakeFiles/CMakeTmp

Run Build Command:/usr/bin/gmake "cmTryCompileExec882395968/fast"
/usr/bin/gmake -f CMakeFiles/cmTryCompileExec882395968.dir/build.make CMakeFiles/cmTryCompileExec882395968.dir/build
gmake[1]: Entering directory `/home/rodrygojose/opencv_polimi/release/CMakeFiles/CMakeTmp'
/usr/bin/cmake -E cmake_progress_report /home/rodrygojose/opencv_polimi/release/CMakeFiles/CMakeTmp/CMakeFiles 1
Building C object CMakeFiles/cmTryCompileExec882395968.dir/CheckIncludeFile.c.o
/usr/bin/gcc   -W -Wall -Werror=return-type -Werror=address -Werror=sequence-point -Wformat -Werror=format-security -Wmissing-declarations -Wmissing-prototypes -Wstrict-prototypes -Wundef -Winit-self -Wpointer-arith -Wshadow -Wno-narrowing -fdiagnostics-show-option -pthread -march=i686 -fomit-frame-pointer -msse -msse2 -msse3 -mfpmath=sse -ffunction-sections   -O3 -DNDEBUG   -o CMakeFiles/cmTryCompileExec882395968.dir/CheckIncludeFile.c.o   -c /home/rodrygojose/opencv_polimi/release/CMakeFiles/CMakeTmp/CheckIncludeFile.c
Linking C executable cmTryCompileExec882395968
/usr/bin/cmake -E cmake_link_script CMakeFiles/cmTryCompileExec882395968.dir/link.txt --verbose=1
/usr/bin/gcc      -W -Wall -Werror=return-type -Werror=address -Werror=sequence-point -Wformat -Werror=format-security -Wmissing-declarations -Wmissing-prototypes -Wstrict-prototypes -Wundef -Winit-self -Wpointer-arith -Wshadow -Wno-narrowing -fdiagnostics-show-option -pthread -march=i686 -fomit-frame-pointer -msse -msse2 -msse3 -mfpmath=sse -ffunction-sections   -O3 -DNDEBUG    CMakeFiles/cmTryCompileExec882395968.dir/CheckIncludeFile.c.o  -o cmTryCompileExec882395968 -rdynamic 
gmake[1]: Leaving directory `/home/rodrygojose/opencv_polimi/release/CMakeFiles/CMakeTmp'


Determining if the include file semaphore.h exists passed with the following output:
Change Dir: /home/rodrygojose/opencv_polimi/release/CMakeFiles/CMakeTmp

Run Build Command:/usr/bin/gmake "cmTryCompileExec3342823753/fast"
/usr/bin/gmake -f CMakeFiles/cmTryCompileExec3342823753.dir/build.make CMakeFiles/cmTryCompileExec3342823753.dir/build
gmake[1]: Entering directory `/home/rodrygojose/opencv_polimi/release/CMakeFiles/CMakeTmp'
/usr/bin/cmake -E cmake_progress_report /home/rodrygojose/opencv_polimi/release/CMakeFiles/CMakeTmp/CMakeFiles 1
Building C object CMakeFiles/cmTryCompileExec3342823753.dir/CheckIncludeFile.c.o
/usr/bin/gcc   -W -Wall -Werror=return-type -Werror=address -Werror=sequence-point -Wformat -Werror=format-security -Wmissing-declarations -Wmissing-prototypes -Wstrict-prototypes -Wundef -Winit-self -Wpointer-arith -Wshadow -Wno-narrowing -fdiagnostics-show-option -pthread -march=i686 -fomit-frame-pointer -msse -msse2 -msse3 -mfpmath=sse -ffunction-sections   -O3 -DNDEBUG   -o CMakeFiles/cmTryCompileExec3342823753.dir/CheckIncludeFile.c.o   -c /home/rodrygojose/opencv_polimi/release/CMakeFiles/CMakeTmp/CheckIncludeFile.c
Linking C executable cmTryCompileExec3342823753
/usr/bin/cmake -E cmake_link_script CMakeFiles/cmTryCompileExec3342823753.dir/link.txt --verbose=1
/usr/bin/gcc      -W -Wall -Werror=return-type -Werror=address -Werror=sequence-point -Wformat -Werror=format-security -Wmissing-declarations -Wmissing-prototypes -Wstrict-prototypes -Wundef -Winit-self -Wpointer-arith -Wshadow -Wno-narrowing -fdiagnostics-show-option -pthread -march=i686 -fomit-frame-pointer -msse -msse2 -msse3 -mfpmath=sse -ffunction-sections   -O3 -DNDEBUG    CMakeFiles/cmTryCompileExec3342823753.dir/CheckIncludeFile.c.o  -o cmTryCompileExec3342823753 -rdynamic 
gmake[1]: Leaving directory `/home/rodrygojose/opencv_polimi/release/CMakeFiles/CMakeTmp'


Determining if the include file linux/videodev2.h exists passed with the following output:
Change Dir: /home/rodrygojose/opencv_polimi/release/CMakeFiles/CMakeTmp

Run Build Command:/usr/bin/gmake "cmTryCompileExec251459150/fast"
/usr/bin/gmake -f CMakeFiles/cmTryCompileExec251459150.dir/build.make CMakeFiles/cmTryCompileExec251459150.dir/build
gmake[1]: Entering directory `/home/rodrygojose/opencv_polimi/release/CMakeFiles/CMakeTmp'
/usr/bin/cmake -E cmake_progress_report /home/rodrygojose/opencv_polimi/release/CMakeFiles/CMakeTmp/CMakeFiles 1
Building C object CMakeFiles/cmTryCompileExec251459150.dir/CheckIncludeFile.c.o
/usr/bin/gcc   -W -Wall -Werror=return-type -Werror=address -Werror=sequence-point -Wformat -Werror=format-security -Wmissing-declarations -Wmissing-prototypes -Wstrict-prototypes -Wundef -Winit-self -Wpointer-arith -Wshadow -Wno-narrowing -fdiagnostics-show-option -pthread -march=i686 -fomit-frame-pointer -msse -msse2 -msse3 -mfpmath=sse -ffunction-sections   -O3 -DNDEBUG   -o CMakeFiles/cmTryCompileExec251459150.dir/CheckIncludeFile.c.o   -c /home/rodrygojose/opencv_polimi/release/CMakeFiles/CMakeTmp/CheckIncludeFile.c
Linking C executable cmTryCompileExec251459150
/usr/bin/cmake -E cmake_link_script CMakeFiles/cmTryCompileExec251459150.dir/link.txt --verbose=1
/usr/bin/gcc      -W -Wall -Werror=return-type -Werror=address -Werror=sequence-point -Wformat -Werror=format-security -Wmissing-declarations -Wmissing-prototypes -Wstrict-prototypes -Wundef -Winit-self -Wpointer-arith -Wshadow -Wno-narrowing -fdiagnostics-show-option -pthread -march=i686 -fomit-frame-pointer -msse -msse2 -msse3 -mfpmath=sse -ffunction-sections   -O3 -DNDEBUG    CMakeFiles/cmTryCompileExec251459150.dir/CheckIncludeFile.c.o  -o cmTryCompileExec251459150 -rdynamic 
gmake[1]: Leaving directory `/home/rodrygojose/opencv_polimi/release/CMakeFiles/CMakeTmp'


Determining if the include file linux/videodev2.h exists passed with the following output:
Change Dir: /home/rodrygojose/opencv_polimi/release/CMakeFiles/CMakeTmp

Run Build Command:/usr/bin/gmake "cmTryCompileExec3239858932/fast"
/usr/bin/gmake -f CMakeFiles/cmTryCompileExec3239858932.dir/build.make CMakeFiles/cmTryCompileExec3239858932.dir/build
gmake[1]: Entering directory `/home/rodrygojose/opencv_polimi/release/CMakeFiles/CMakeTmp'
/usr/bin/cmake -E cmake_progress_report /home/rodrygojose/opencv_polimi/release/CMakeFiles/CMakeTmp/CMakeFiles 1
Building C object CMakeFiles/cmTryCompileExec3239858932.dir/CheckIncludeFile.c.o
/usr/bin/gcc   -W -Wall -Werror=return-type -Werror=address -Werror=sequence-point -Wformat -Werror=format-security -Wmissing-declarations -Wmissing-prototypes -Wstrict-prototypes -Wundef -Winit-self -Wpointer-arith -Wshadow -Wno-narrowing -fdiagnostics-show-option -pthread -march=i686 -fomit-frame-pointer -msse -msse2 -msse3 -mfpmath=sse -ffunction-sections   -O3 -DNDEBUG   -o CMakeFiles/cmTryCompileExec3239858932.dir/CheckIncludeFile.c.o   -c /home/rodrygojose/opencv_polimi/release/CMakeFiles/CMakeTmp/CheckIncludeFile.c
Linking C executable cmTryCompileExec3239858932
/usr/bin/cmake -E cmake_link_script CMakeFiles/cmTryCompileExec3239858932.dir/link.txt --verbose=1
/usr/bin/gcc      -W -Wall -Werror=return-type -Werror=address -Werror=sequence-point -Wformat -Werror=format-security -Wmissing-declarations -Wmissing-prototypes -Wstrict-prototypes -Wundef -Winit-self -Wpointer-arith -Wshadow -Wno-narrowing -fdiagnostics-show-option -pthread -march=i686 -fomit-frame-pointer -msse -msse2 -msse3 -mfpmath=sse -ffunction-sections   -O3 -DNDEBUG    CMakeFiles/cmTryCompileExec3239858932.dir/CheckIncludeFile.c.o  -o cmTryCompileExec3239858932 -rdynamic 
gmake[1]: Leaving directory `/home/rodrygojose/opencv_polimi/release/CMakeFiles/CMakeTmp'


Determining if the include file linux/videodev2.h exists passed with the following output:
Change Dir: /home/rodrygojose/opencv_polimi/release/CMakeFiles/CMakeTmp

Run Build Command:/usr/bin/gmake "cmTryCompileExec1642914287/fast"
/usr/bin/gmake -f CMakeFiles/cmTryCompileExec1642914287.dir/build.make CMakeFiles/cmTryCompileExec1642914287.dir/build
gmake[1]: Entering directory `/home/rodrygojose/opencv_polimi/release/CMakeFiles/CMakeTmp'
/usr/bin/cmake -E cmake_progress_report /home/rodrygojose/opencv_polimi/release/CMakeFiles/CMakeTmp/CMakeFiles 1
Building C object CMakeFiles/cmTryCompileExec1642914287.dir/CheckIncludeFile.c.o
/usr/bin/gcc   -W -Wall -Werror=return-type -Werror=address -Werror=sequence-point -Wformat -Werror=format-security -Wmissing-declarations -Wmissing-prototypes -Wstrict-prototypes -Wundef -Winit-self -Wpointer-arith -Wshadow -Wno-narrowing -fdiagnostics-show-option -pthread -march=i686 -fomit-frame-pointer -msse -msse2 -msse3 -mfpmath=sse -ffunction-sections   -O3 -DNDEBUG   -o CMakeFiles/cmTryCompileExec1642914287.dir/CheckIncludeFile.c.o   -c /home/rodrygojose/opencv_polimi/release/CMakeFiles/CMakeTmp/CheckIncludeFile.c
Linking C executable cmTryCompileExec1642914287
/usr/bin/cmake -E cmake_link_script CMakeFiles/cmTryCompileExec1642914287.dir/link.txt --verbose=1
/usr/bin/gcc      -W -Wall -Werror=return-type -Werror=address -Werror=sequence-point -Wformat -Werror=format-security -Wmissing-declarations -Wmissing-prototypes -Wstrict-prototypes -Wundef -Winit-self -Wpointer-arith -Wshadow -Wno-narrowing -fdiagnostics-show-option -pthread -march=i686 -fomit-frame-pointer -msse -msse2 -msse3 -mfpmath=sse -ffunction-sections   -O3 -DNDEBUG    CMakeFiles/cmTryCompileExec1642914287.dir/CheckIncludeFile.c.o  -o cmTryCompileExec1642914287 -rdynamic 
gmake[1]: Leaving directory `/home/rodrygojose/opencv_polimi/release/CMakeFiles/CMakeTmp'


Determining if the include file linux/videodev2.h exists passed with the following output:
Change Dir: /home/rodrygojose/opencv_polimi/release/CMakeFiles/CMakeTmp

Run Build Command:/usr/bin/gmake "cmTryCompileExec2098804143/fast"
/usr/bin/gmake -f CMakeFiles/cmTryCompileExec2098804143.dir/build.make CMakeFiles/cmTryCompileExec2098804143.dir/build
gmake[1]: Entering directory `/home/rodrygojose/opencv_polimi/release/CMakeFiles/CMakeTmp'
/usr/bin/cmake -E cmake_progress_report /home/rodrygojose/opencv_polimi/release/CMakeFiles/CMakeTmp/CMakeFiles 1
Building C object CMakeFiles/cmTryCompileExec2098804143.dir/CheckIncludeFile.c.o
/usr/bin/gcc   -W -Wall -Werror=return-type -Werror=address -Werror=sequence-point -Wformat -Werror=format-security -Wmissing-declarations -Wmissing-prototypes -Wstrict-prototypes -Wundef -Winit-self -Wpointer-arith -Wshadow -Wno-narrowing -fdiagnostics-show-option -pthread -march=i686 -fomit-frame-pointer -msse -msse2 -msse3 -mfpmath=sse -ffunction-sections   -O3 -DNDEBUG   -o CMakeFiles/cmTryCompileExec2098804143.dir/CheckIncludeFile.c.o   -c /home/rodrygojose/opencv_polimi/release/CMakeFiles/CMakeTmp/CheckIncludeFile.c
Linking C executable cmTryCompileExec2098804143
/usr/bin/cmake -E cmake_link_script CMakeFiles/cmTryCompileExec2098804143.dir/link.txt --verbose=1
/usr/bin/gcc      -W -Wall -Werror=return-type -Werror=address -Werror=sequence-point -Wformat -Werror=format-security -Wmissing-declarations -Wmissing-prototypes -Wstrict-prototypes -Wundef -Winit-self -Wpointer-arith -Wshadow -Wno-narrowing -fdiagnostics-show-option -pthread -march=i686 -fomit-frame-pointer -msse -msse2 -msse3 -mfpmath=sse -ffunction-sections   -O3 -DNDEBUG    CMakeFiles/cmTryCompileExec2098804143.dir/CheckIncludeFile.c.o  -o cmTryCompileExec2098804143 -rdynamic 
gmake[1]: Leaving directory `/home/rodrygojose/opencv_polimi/release/CMakeFiles/CMakeTmp'


Determining if the include file linux/videodev2.h exists passed with the following output:
Change Dir: /home/rodrygojose/opencv_polimi/release/CMakeFiles/CMakeTmp

Run Build Command:/usr/bin/gmake "cmTryCompileExec2234348115/fast"
/usr/bin/gmake -f CMakeFiles/cmTryCompileExec2234348115.dir/build.make CMakeFiles/cmTryCompileExec2234348115.dir/build
gmake[1]: Entering directory `/home/rodrygojose/opencv_polimi/release/CMakeFiles/CMakeTmp'
/usr/bin/cmake -E cmake_progress_report /home/rodrygojose/opencv_polimi/release/CMakeFiles/CMakeTmp/CMakeFiles 1
Building C object CMakeFiles/cmTryCompileExec2234348115.dir/CheckIncludeFile.c.o
/usr/bin/gcc   -W -Wall -Werror=return-type -Werror=address -Werror=sequence-point -Wformat -Werror=format-security -Wmissing-declarations -Wmissing-prototypes -Wstrict-prototypes -Wundef -Winit-self -Wpointer-arith -Wshadow -Wno-narrowing -fdiagnostics-show-option -pthread -march=i686 -fomit-frame-pointer -msse -msse2 -msse3 -mfpmath=sse -ffunction-sections   -O3 -DNDEBUG   -o CMakeFiles/cmTryCompileExec2234348115.dir/CheckIncludeFile.c.o   -c /home/rodrygojose/opencv_polimi/release/CMakeFiles/CMakeTmp/CheckIncludeFile.c
Linking C executable cmTryCompileExec2234348115
/usr/bin/cmake -E cmake_link_script CMakeFiles/cmTryCompileExec2234348115.dir/link.txt --verbose=1
/usr/bin/gcc      -W -Wall -Werror=return-type -Werror=address -Werror=sequence-point -Wformat -Werror=format-security -Wmissing-declarations -Wmissing-prototypes -Wstrict-prototypes -Wundef -Winit-self -Wpointer-arith -Wshadow -Wno-narrowing -fdiagnostics-show-option -pthread -march=i686 -fomit-frame-pointer -msse -msse2 -msse3 -mfpmath=sse -ffunction-sections   -O3 -DNDEBUG    CMakeFiles/cmTryCompileExec2234348115.dir/CheckIncludeFile.c.o  -o cmTryCompileExec2234348115 -rdynamic 
gmake[1]: Leaving directory `/home/rodrygojose/opencv_polimi/release/CMakeFiles/CMakeTmp'


Determining if the Q_WS_X11 exist passed with the following output:
Change Dir: /home/rodrygojose/opencv_polimi/release/CMakeFiles/CMakeTmp

Run Build Command:/usr/bin/gmake "cmTryCompileExec2336609299/fast"
/usr/bin/gmake -f CMakeFiles/cmTryCompileExec2336609299.dir/build.make CMakeFiles/cmTryCompileExec2336609299.dir/build
gmake[1]: Entering directory `/home/rodrygojose/opencv_polimi/release/CMakeFiles/CMakeTmp'
/usr/bin/cmake -E cmake_progress_report /home/rodrygojose/opencv_polimi/release/CMakeFiles/CMakeTmp/CMakeFiles 1
Building CXX object CMakeFiles/cmTryCompileExec2336609299.dir/CheckSymbolExists.cxx.o
/usr/bin/c++    -W -Wall -Werror=return-type -Werror=address -Werror=sequence-point -Wformat -Werror=format-security -Wmissing-declarations -Wundef -Winit-self -Wpointer-arith -Wshadow -Wsign-promo -Wno-narrowing -Wno-delete-non-virtual-dtor -fdiagnostics-show-option -pthread -march=i686 -fomit-frame-pointer -msse -msse2 -msse3 -mfpmath=sse -ffunction-sections   -O3 -DNDEBUG   -o CMakeFiles/cmTryCompileExec2336609299.dir/CheckSymbolExists.cxx.o -c /home/rodrygojose/opencv_polimi/release/CMakeFiles/CMakeTmp/CheckSymbolExists.cxx
Linking CXX executable cmTryCompileExec2336609299
/usr/bin/cmake -E cmake_link_script CMakeFiles/cmTryCompileExec2336609299.dir/link.txt --verbose=1
/usr/bin/c++       -W -Wall -Werror=return-type -Werror=address -Werror=sequence-point -Wformat -Werror=format-security -Wmissing-declarations -Wundef -Winit-self -Wpointer-arith -Wshadow -Wsign-promo -Wno-narrowing -Wno-delete-non-virtual-dtor -fdiagnostics-show-option -pthread -march=i686 -fomit-frame-pointer -msse -msse2 -msse3 -mfpmath=sse -ffunction-sections   -O3 -DNDEBUG    CMakeFiles/cmTryCompileExec2336609299.dir/CheckSymbolExists.cxx.o  -o cmTryCompileExec2336609299 -rdynamic 
gmake[1]: Leaving directory `/home/rodrygojose/opencv_polimi/release/CMakeFiles/CMakeTmp'

File /home/rodrygojose/opencv_polimi/release/CMakeFiles/CMakeTmp/CheckSymbolExists.cxx:
/* */
#include <QtCore/qglobal.h>

int main(int argc, char** argv)
{
  (void)argv;
#ifndef Q_WS_X11
  return ((int*)(&Q_WS_X11))[argc];
#else
  (void)argc;
  return 0;
#endif
}

Determining if the function XOpenDisplay exists in the /lib/libX11.so;/lib/libXext.so passed with the following output:
Change Dir: /home/rodrygojose/opencv_polimi/release/CMakeFiles/CMakeTmp

Run Build Command:/usr/bin/gmake "cmTryCompileExec4080432823/fast"
/usr/bin/gmake -f CMakeFiles/cmTryCompileExec4080432823.dir/build.make CMakeFiles/cmTryCompileExec4080432823.dir/build
gmake[1]: Entering directory `/home/rodrygojose/opencv_polimi/release/CMakeFiles/CMakeTmp'
/usr/bin/cmake -E cmake_progress_report /home/rodrygojose/opencv_polimi/release/CMakeFiles/CMakeTmp/CMakeFiles 1
Building C object CMakeFiles/cmTryCompileExec4080432823.dir/CheckFunctionExists.c.o
/usr/bin/gcc   -W -Wall -Werror=return-type -Werror=address -Werror=sequence-point -Wformat -Werror=format-security -Wmissing-declarations -Wmissing-prototypes -Wstrict-prototypes -Wundef -Winit-self -Wpointer-arith -Wshadow -Wno-narrowing -fdiagnostics-show-option -pthread -march=i686 -fomit-frame-pointer -msse -msse2 -msse3 -mfpmath=sse -ffunction-sections  -DCHECK_FUNCTION_EXISTS=XOpenDisplay -O3 -DNDEBUG   -o CMakeFiles/cmTryCompileExec4080432823.dir/CheckFunctionExists.c.o   -c /usr/share/cmake/Modules/CheckFunctionExists.c
/usr/share/cmake/Modules/CheckFunctionExists.c:3:1: warning: function declaration isn’t a prototype [-Wstrict-prototypes]
Linking C executable cmTryCompileExec4080432823
/usr/bin/cmake -E cmake_link_script CMakeFiles/cmTryCompileExec4080432823.dir/link.txt --verbose=1
/usr/bin/gcc      -W -Wall -Werror=return-type -Werror=address -Werror=sequence-point -Wformat -Werror=format-security -Wmissing-declarations -Wmissing-prototypes -Wstrict-prototypes -Wundef -Winit-self -Wpointer-arith -Wshadow -Wno-narrowing -fdiagnostics-show-option -pthread -march=i686 -fomit-frame-pointer -msse -msse2 -msse3 -mfpmath=sse -ffunction-sections  -DCHECK_FUNCTION_EXISTS=XOpenDisplay -O3 -DNDEBUG    CMakeFiles/cmTryCompileExec4080432823.dir/CheckFunctionExists.c.o  -o cmTryCompileExec4080432823 -rdynamic -lX11 -lXext 
gmake[1]: Leaving directory `/home/rodrygojose/opencv_polimi/release/CMakeFiles/CMakeTmp'


Determining if the function gethostbyname exists passed with the following output:
Change Dir: /home/rodrygojose/opencv_polimi/release/CMakeFiles/CMakeTmp

Run Build Command:/usr/bin/gmake "cmTryCompileExec3157597018/fast"
/usr/bin/gmake -f CMakeFiles/cmTryCompileExec3157597018.dir/build.make CMakeFiles/cmTryCompileExec3157597018.dir/build
gmake[1]: Entering directory `/home/rodrygojose/opencv_polimi/release/CMakeFiles/CMakeTmp'
/usr/bin/cmake -E cmake_progress_report /home/rodrygojose/opencv_polimi/release/CMakeFiles/CMakeTmp/CMakeFiles 1
Building C object CMakeFiles/cmTryCompileExec3157597018.dir/CheckFunctionExists.c.o
/usr/bin/gcc   -W -Wall -Werror=return-type -Werror=address -Werror=sequence-point -Wformat -Werror=format-security -Wmissing-declarations -Wmissing-prototypes -Wstrict-prototypes -Wundef -Winit-self -Wpointer-arith -Wshadow -Wno-narrowing -fdiagnostics-show-option -pthread -march=i686 -fomit-frame-pointer -msse -msse2 -msse3 -mfpmath=sse -ffunction-sections  -DCHECK_FUNCTION_EXISTS=gethostbyname -O3 -DNDEBUG   -o CMakeFiles/cmTryCompileExec3157597018.dir/CheckFunctionExists.c.o   -c /usr/share/cmake/Modules/CheckFunctionExists.c
/usr/share/cmake/Modules/CheckFunctionExists.c:3:1: warning: function declaration isn’t a prototype [-Wstrict-prototypes]
Linking C executable cmTryCompileExec3157597018
/usr/bin/cmake -E cmake_link_script CMakeFiles/cmTryCompileExec3157597018.dir/link.txt --verbose=1
/usr/bin/gcc      -W -Wall -Werror=return-type -Werror=address -Werror=sequence-point -Wformat -Werror=format-security -Wmissing-declarations -Wmissing-prototypes -Wstrict-prototypes -Wundef -Winit-self -Wpointer-arith -Wshadow -Wno-narrowing -fdiagnostics-show-option -pthread -march=i686 -fomit-frame-pointer -msse -msse2 -msse3 -mfpmath=sse -ffunction-sections  -DCHECK_FUNCTION_EXISTS=gethostbyname -O3 -DNDEBUG    CMakeFiles/cmTryCompileExec3157597018.dir/CheckFunctionExists.c.o  -o cmTryCompileExec3157597018 -rdynamic 
gmake[1]: Leaving directory `/home/rodrygojose/opencv_polimi/release/CMakeFiles/CMakeTmp'


Determining if the function connect exists passed with the following output:
Change Dir: /home/rodrygojose/opencv_polimi/release/CMakeFiles/CMakeTmp

Run Build Command:/usr/bin/gmake "cmTryCompileExec3250408562/fast"
/usr/bin/gmake -f CMakeFiles/cmTryCompileExec3250408562.dir/build.make CMakeFiles/cmTryCompileExec3250408562.dir/build
gmake[1]: Entering directory `/home/rodrygojose/opencv_polimi/release/CMakeFiles/CMakeTmp'
/usr/bin/cmake -E cmake_progress_report /home/rodrygojose/opencv_polimi/release/CMakeFiles/CMakeTmp/CMakeFiles 1
Building C object CMakeFiles/cmTryCompileExec3250408562.dir/CheckFunctionExists.c.o
/usr/bin/gcc   -W -Wall -Werror=return-type -Werror=address -Werror=sequence-point -Wformat -Werror=format-security -Wmissing-declarations -Wmissing-prototypes -Wstrict-prototypes -Wundef -Winit-self -Wpointer-arith -Wshadow -Wno-narrowing -fdiagnostics-show-option -pthread -march=i686 -fomit-frame-pointer -msse -msse2 -msse3 -mfpmath=sse -ffunction-sections  -DCHECK_FUNCTION_EXISTS=connect -O3 -DNDEBUG   -o CMakeFiles/cmTryCompileExec3250408562.dir/CheckFunctionExists.c.o   -c /usr/share/cmake/Modules/CheckFunctionExists.c
/usr/share/cmake/Modules/CheckFunctionExists.c:3:1: warning: function declaration isn’t a prototype [-Wstrict-prototypes]
Linking C executable cmTryCompileExec3250408562
/usr/bin/cmake -E cmake_link_script CMakeFiles/cmTryCompileExec3250408562.dir/link.txt --verbose=1
/usr/bin/gcc      -W -Wall -Werror=return-type -Werror=address -Werror=sequence-point -Wformat -Werror=format-security -Wmissing-declarations -Wmissing-prototypes -Wstrict-prototypes -Wundef -Winit-self -Wpointer-arith -Wshadow -Wno-narrowing -fdiagnostics-show-option -pthread -march=i686 -fomit-frame-pointer -msse -msse2 -msse3 -mfpmath=sse -ffunction-sections  -DCHECK_FUNCTION_EXISTS=connect -O3 -DNDEBUG    CMakeFiles/cmTryCompileExec3250408562.dir/CheckFunctionExists.c.o  -o cmTryCompileExec3250408562 -rdynamic 
gmake[1]: Leaving directory `/home/rodrygojose/opencv_polimi/release/CMakeFiles/CMakeTmp'


Determining if the function remove exists passed with the following output:
Change Dir: /home/rodrygojose/opencv_polimi/release/CMakeFiles/CMakeTmp

Run Build Command:/usr/bin/gmake "cmTryCompileExec1999026328/fast"
/usr/bin/gmake -f CMakeFiles/cmTryCompileExec1999026328.dir/build.make CMakeFiles/cmTryCompileExec1999026328.dir/build
gmake[1]: Entering directory `/home/rodrygojose/opencv_polimi/release/CMakeFiles/CMakeTmp'
/usr/bin/cmake -E cmake_progress_report /home/rodrygojose/opencv_polimi/release/CMakeFiles/CMakeTmp/CMakeFiles 1
Building C object CMakeFiles/cmTryCompileExec1999026328.dir/CheckFunctionExists.c.o
/usr/bin/gcc   -W -Wall -Werror=return-type -Werror=address -Werror=sequence-point -Wformat -Werror=format-security -Wmissing-declarations -Wmissing-prototypes -Wstrict-prototypes -Wundef -Winit-self -Wpointer-arith -Wshadow -Wno-narrowing -fdiagnostics-show-option -pthread -march=i686 -fomit-frame-pointer -msse -msse2 -msse3 -mfpmath=sse -ffunction-sections  -DCHECK_FUNCTION_EXISTS=remove -O3 -DNDEBUG   -o CMakeFiles/cmTryCompileExec1999026328.dir/CheckFunctionExists.c.o   -c /usr/share/cmake/Modules/CheckFunctionExists.c
/usr/share/cmake/Modules/CheckFunctionExists.c:3:1: warning: function declaration isn’t a prototype [-Wstrict-prototypes]
Linking C executable cmTryCompileExec1999026328
/usr/bin/cmake -E cmake_link_script CMakeFiles/cmTryCompileExec1999026328.dir/link.txt --verbose=1
/usr/bin/gcc      -W -Wall -Werror=return-type -Werror=address -Werror=sequence-point -Wformat -Werror=format-security -Wmissing-declarations -Wmissing-prototypes -Wstrict-prototypes -Wundef -Winit-self -Wpointer-arith -Wshadow -Wno-narrowing -fdiagnostics-show-option -pthread -march=i686 -fomit-frame-pointer -msse -msse2 -msse3 -mfpmath=sse -ffunction-sections  -DCHECK_FUNCTION_EXISTS=remove -O3 -DNDEBUG    CMakeFiles/cmTryCompileExec1999026328.dir/CheckFunctionExists.c.o  -o cmTryCompileExec1999026328 -rdynamic 
gmake[1]: Leaving directory `/home/rodrygojose/opencv_polimi/release/CMakeFiles/CMakeTmp'


Determining if the function shmat exists passed with the following output:
Change Dir: /home/rodrygojose/opencv_polimi/release/CMakeFiles/CMakeTmp

Run Build Command:/usr/bin/gmake "cmTryCompileExec3621700416/fast"
/usr/bin/gmake -f CMakeFiles/cmTryCompileExec3621700416.dir/build.make CMakeFiles/cmTryCompileExec3621700416.dir/build
gmake[1]: Entering directory `/home/rodrygojose/opencv_polimi/release/CMakeFiles/CMakeTmp'
/usr/bin/cmake -E cmake_progress_report /home/rodrygojose/opencv_polimi/release/CMakeFiles/CMakeTmp/CMakeFiles 1
Building C object CMakeFiles/cmTryCompileExec3621700416.dir/CheckFunctionExists.c.o
/usr/bin/gcc   -W -Wall -Werror=return-type -Werror=address -Werror=sequence-point -Wformat -Werror=format-security -Wmissing-declarations -Wmissing-prototypes -Wstrict-prototypes -Wundef -Winit-self -Wpointer-arith -Wshadow -Wno-narrowing -fdiagnostics-show-option -pthread -march=i686 -fomit-frame-pointer -msse -msse2 -msse3 -mfpmath=sse -ffunction-sections  -DCHECK_FUNCTION_EXISTS=shmat -O3 -DNDEBUG   -o CMakeFiles/cmTryCompileExec3621700416.dir/CheckFunctionExists.c.o   -c /usr/share/cmake/Modules/CheckFunctionExists.c
/usr/share/cmake/Modules/CheckFunctionExists.c:3:1: warning: function declaration isn’t a prototype [-Wstrict-prototypes]
Linking C executable cmTryCompileExec3621700416
/usr/bin/cmake -E cmake_link_script CMakeFiles/cmTryCompileExec3621700416.dir/link.txt --verbose=1
/usr/bin/gcc      -W -Wall -Werror=return-type -Werror=address -Werror=sequence-point -Wformat -Werror=format-security -Wmissing-declarations -Wmissing-prototypes -Wstrict-prototypes -Wundef -Winit-self -Wpointer-arith -Wshadow -Wno-narrowing -fdiagnostics-show-option -pthread -march=i686 -fomit-frame-pointer -msse -msse2 -msse3 -mfpmath=sse -ffunction-sections  -DCHECK_FUNCTION_EXISTS=shmat -O3 -DNDEBUG    CMakeFiles/cmTryCompileExec3621700416.dir/CheckFunctionExists.c.o  -o cmTryCompileExec3621700416 -rdynamic 
gmake[1]: Leaving directory `/home/rodrygojose/opencv_polimi/release/CMakeFiles/CMakeTmp'


Determining if the function IceConnectionNumber exists in the ICE passed with the following output:
Change Dir: /home/rodrygojose/opencv_polimi/release/CMakeFiles/CMakeTmp

Run Build Command:/usr/bin/gmake "cmTryCompileExec4050702476/fast"
/usr/bin/gmake -f CMakeFiles/cmTryCompileExec4050702476.dir/build.make CMakeFiles/cmTryCompileExec4050702476.dir/build
gmake[1]: Entering directory `/home/rodrygojose/opencv_polimi/release/CMakeFiles/CMakeTmp'
/usr/bin/cmake -E cmake_progress_report /home/rodrygojose/opencv_polimi/release/CMakeFiles/CMakeTmp/CMakeFiles 1
Building C object CMakeFiles/cmTryCompileExec4050702476.dir/CheckFunctionExists.c.o
/usr/bin/gcc   -W -Wall -Werror=return-type -Werror=address -Werror=sequence-point -Wformat -Werror=format-security -Wmissing-declarations -Wmissing-prototypes -Wstrict-prototypes -Wundef -Winit-self -Wpointer-arith -Wshadow -Wno-narrowing -fdiagnostics-show-option -pthread -march=i686 -fomit-frame-pointer -msse -msse2 -msse3 -mfpmath=sse -ffunction-sections  -DCHECK_FUNCTION_EXISTS=IceConnectionNumber -O3 -DNDEBUG   -o CMakeFiles/cmTryCompileExec4050702476.dir/CheckFunctionExists.c.o   -c /usr/share/cmake/Modules/CheckFunctionExists.c
/usr/share/cmake/Modules/CheckFunctionExists.c:3:1: warning: function declaration isn’t a prototype [-Wstrict-prototypes]
Linking C executable cmTryCompileExec4050702476
/usr/bin/cmake -E cmake_link_script CMakeFiles/cmTryCompileExec4050702476.dir/link.txt --verbose=1
/usr/bin/gcc      -W -Wall -Werror=return-type -Werror=address -Werror=sequence-point -Wformat -Werror=format-security -Wmissing-declarations -Wmissing-prototypes -Wstrict-prototypes -Wundef -Winit-self -Wpointer-arith -Wshadow -Wno-narrowing -fdiagnostics-show-option -pthread -march=i686 -fomit-frame-pointer -msse -msse2 -msse3 -mfpmath=sse -ffunction-sections  -DCHECK_FUNCTION_EXISTS=IceConnectionNumber -O3 -DNDEBUG    CMakeFiles/cmTryCompileExec4050702476.dir/CheckFunctionExists.c.o  -o cmTryCompileExec4050702476 -rdynamic -lICE 
gmake[1]: Leaving directory `/home/rodrygojose/opencv_polimi/release/CMakeFiles/CMakeTmp'


Determining if the include file linux/videodev2.h exists passed with the following output:
Change Dir: /home/rodrygojose/opencv_polimi/release/CMakeFiles/CMakeTmp

Run Build Command:/usr/bin/gmake "cmTryCompileExec2405285714/fast"
/usr/bin/gmake -f CMakeFiles/cmTryCompileExec2405285714.dir/build.make CMakeFiles/cmTryCompileExec2405285714.dir/build
gmake[1]: Entering directory `/home/rodrygojose/opencv_polimi/release/CMakeFiles/CMakeTmp'
/usr/bin/cmake -E cmake_progress_report /home/rodrygojose/opencv_polimi/release/CMakeFiles/CMakeTmp/CMakeFiles 1
Building C object CMakeFiles/cmTryCompileExec2405285714.dir/CheckIncludeFile.c.o
/usr/bin/gcc   -W -Wall -Werror=return-type -Werror=address -Werror=sequence-point -Wformat -Werror=format-security -Wmissing-declarations -Wmissing-prototypes -Wstrict-prototypes -Wundef -Winit-self -Wpointer-arith -Wshadow -Wno-narrowing -fdiagnostics-show-option -pthread -march=i686 -fomit-frame-pointer -msse -msse2 -msse3 -mfpmath=sse -ffunction-sections   -O3 -DNDEBUG   -o CMakeFiles/cmTryCompileExec2405285714.dir/CheckIncludeFile.c.o   -c /home/rodrygojose/opencv_polimi/release/CMakeFiles/CMakeTmp/CheckIncludeFile.c
Linking C executable cmTryCompileExec2405285714
/usr/bin/cmake -E cmake_link_script CMakeFiles/cmTryCompileExec2405285714.dir/link.txt --verbose=1
/usr/bin/gcc      -W -Wall -Werror=return-type -Werror=address -Werror=sequence-point -Wformat -Werror=format-security -Wmissing-declarations -Wmissing-prototypes -Wstrict-prototypes -Wundef -Winit-self -Wpointer-arith -Wshadow -Wno-narrowing -fdiagnostics-show-option -pthread -march=i686 -fomit-frame-pointer -msse -msse2 -msse3 -mfpmath=sse -ffunction-sections   -O3 -DNDEBUG    CMakeFiles/cmTryCompileExec2405285714.dir/CheckIncludeFile.c.o  -o cmTryCompileExec2405285714 -rdynamic 
gmake[1]: Leaving directory `/home/rodrygojose/opencv_polimi/release/CMakeFiles/CMakeTmp'


