The system is: Linux - 3.6.3-1.fc17.i686 - i686
Compiling the CXX compiler identification source file "CMakeCXXCompilerId.cpp" succeeded.
Compiler: /usr/bin/c++ 
Build flags: 
Id flags: 

The output was:
0


Compilation of the CXX compiler identification source "CMakeCXXCompilerId.cpp" produced "a.out"

The CXX compiler identification is GNU, found in "/home/rodrygojose/opencv_polimi/v4l-utils-0.8.8/CMakeFiles/CompilerIdCXX/a.out"

Compiling the C compiler identification source file "CMakeCCompilerId.c" succeeded.
Compiler: /usr/bin/gcc 
Build flags: 
Id flags: 

The output was:
0


Compilation of the C compiler identification source "CMakeCCompilerId.c" produced "a.out"

The C compiler identification is GNU, found in "/home/rodrygojose/opencv_polimi/v4l-utils-0.8.8/CMakeFiles/CompilerIdC/a.out"

Determining if the CXX compiler works passed with the following output:
Change Dir: /home/rodrygojose/opencv_polimi/v4l-utils-0.8.8/CMakeFiles/CMakeTmp

Run Build Command:/usr/bin/gmake "cmTryCompileExec754485414/fast"
/usr/bin/gmake -f CMakeFiles/cmTryCompileExec754485414.dir/build.make CMakeFiles/cmTryCompileExec754485414.dir/build
gmake[1]: Entering directory `/home/rodrygojose/opencv_polimi/v4l-utils-0.8.8/CMakeFiles/CMakeTmp'
/usr/bin/cmake -E cmake_progress_report /home/rodrygojose/opencv_polimi/v4l-utils-0.8.8/CMakeFiles/CMakeTmp/CMakeFiles 1
Building CXX object CMakeFiles/cmTryCompileExec754485414.dir/testCXXCompiler.cxx.o
/usr/bin/c++     -o CMakeFiles/cmTryCompileExec754485414.dir/testCXXCompiler.cxx.o -c /home/rodrygojose/opencv_polimi/v4l-utils-0.8.8/CMakeFiles/CMakeTmp/testCXXCompiler.cxx
Linking CXX executable cmTryCompileExec754485414
/usr/bin/cmake -E cmake_link_script CMakeFiles/cmTryCompileExec754485414.dir/link.txt --verbose=1
/usr/bin/c++          CMakeFiles/cmTryCompileExec754485414.dir/testCXXCompiler.cxx.o  -o cmTryCompileExec754485414 -rdynamic 
gmake[1]: Leaving directory `/home/rodrygojose/opencv_polimi/v4l-utils-0.8.8/CMakeFiles/CMakeTmp'


Detecting CXX compiler ABI info compiled with the following output:
Change Dir: /home/rodrygojose/opencv_polimi/v4l-utils-0.8.8/CMakeFiles/CMakeTmp

Run Build Command:/usr/bin/gmake "cmTryCompileExec1787129896/fast"
/usr/bin/gmake -f CMakeFiles/cmTryCompileExec1787129896.dir/build.make CMakeFiles/cmTryCompileExec1787129896.dir/build
gmake[1]: Entering directory `/home/rodrygojose/opencv_polimi/v4l-utils-0.8.8/CMakeFiles/CMakeTmp'
/usr/bin/cmake -E cmake_progress_report /home/rodrygojose/opencv_polimi/v4l-utils-0.8.8/CMakeFiles/CMakeTmp/CMakeFiles 1
Building CXX object CMakeFiles/cmTryCompileExec1787129896.dir/CMakeCXXCompilerABI.cpp.o
/usr/bin/c++     -o CMakeFiles/cmTryCompileExec1787129896.dir/CMakeCXXCompilerABI.cpp.o -c /usr/share/cmake/Modules/CMakeCXXCompilerABI.cpp
Linking CXX executable cmTryCompileExec1787129896
/usr/bin/cmake -E cmake_link_script CMakeFiles/cmTryCompileExec1787129896.dir/link.txt --verbose=1
/usr/bin/c++        -v CMakeFiles/cmTryCompileExec1787129896.dir/CMakeCXXCompilerABI.cpp.o  -o cmTryCompileExec1787129896 -rdynamic  
Using built-in specs.
COLLECT_GCC=/usr/bin/c++
COLLECT_LTO_WRAPPER=/usr/libexec/gcc/i686-redhat-linux/4.7.2/lto-wrapper
Target: i686-redhat-linux
Configured with: ../configure --prefix=/usr --mandir=/usr/share/man --infodir=/usr/share/info --with-bugurl=http://bugzilla.redhat.com/bugzilla --enable-bootstrap --enable-shared --enable-threads=posix --enable-checking=release --disable-build-with-cxx --disable-build-poststage1-with-cxx --with-system-zlib --enable-__cxa_atexit --disable-libunwind-exceptions --enable-gnu-unique-object --enable-linker-build-id --with-linker-hash-style=gnu --enable-languages=c,c++,objc,obj-c++,java,fortran,ada,go,lto --enable-plugin --enable-initfini-array --enable-java-awt=gtk --disable-dssi --with-java-home=/usr/lib/jvm/java-1.5.0-gcj-1.5.0.0/jre --enable-libgcj-multifile --enable-java-maintainer-mode --with-ecj-jar=/usr/share/java/eclipse-ecj.jar --disable-libjava-multilib --with-ppl --with-cloog --with-tune=generic --with-arch=i686 --build=i686-redhat-linux
Thread model: posix
gcc version 4.7.2 20120921 (Red Hat 4.7.2-2) (GCC) 
COMPILER_PATH=/usr/libexec/gcc/i686-redhat-linux/4.7.2/:/usr/libexec/gcc/i686-redhat-linux/4.7.2/:/usr/libexec/gcc/i686-redhat-linux/:/usr/lib/gcc/i686-redhat-linux/4.7.2/:/usr/lib/gcc/i686-redhat-linux/
LIBRARY_PATH=/usr/lib/gcc/i686-redhat-linux/4.7.2/:/usr/lib/gcc/i686-redhat-linux/4.7.2/../../../:/lib/:/usr/lib/
COLLECT_GCC_OPTIONS='-v' '-o' 'cmTryCompileExec1787129896' '-rdynamic' '-shared-libgcc' '-mtune=generic' '-march=i686'
 /usr/libexec/gcc/i686-redhat-linux/4.7.2/collect2 --build-id --no-add-needed --eh-frame-hdr --hash-style=gnu -m elf_i386 -export-dynamic -dynamic-linker /lib/ld-linux.so.2 -o cmTryCompileExec1787129896 /usr/lib/gcc/i686-redhat-linux/4.7.2/../../../crt1.o /usr/lib/gcc/i686-redhat-linux/4.7.2/../../../crti.o /usr/lib/gcc/i686-redhat-linux/4.7.2/crtbegin.o -L/usr/lib/gcc/i686-redhat-linux/4.7.2 -L/usr/lib/gcc/i686-redhat-linux/4.7.2/../../.. CMakeFiles/cmTryCompileExec1787129896.dir/CMakeCXXCompilerABI.cpp.o -lstdc++ -lm -lgcc_s -lgcc -lc -lgcc_s -lgcc /usr/lib/gcc/i686-redhat-linux/4.7.2/crtend.o /usr/lib/gcc/i686-redhat-linux/4.7.2/../../../crtn.o
gmake[1]: Leaving directory `/home/rodrygojose/opencv_polimi/v4l-utils-0.8.8/CMakeFiles/CMakeTmp'


Parsed CXX implicit link information from above output:
  link line regex: [^( *|.*[/\])(ld|ld|collect2)[^/\]*( |$)]
  ignore line: [Change Dir: /home/rodrygojose/opencv_polimi/v4l-utils-0.8.8/CMakeFiles/CMakeTmp]
  ignore line: []
  ignore line: [Run Build Command:/usr/bin/gmake "cmTryCompileExec1787129896/fast"]
  ignore line: [/usr/bin/gmake -f CMakeFiles/cmTryCompileExec1787129896.dir/build.make CMakeFiles/cmTryCompileExec1787129896.dir/build]
  ignore line: [gmake[1]: Entering directory `/home/rodrygojose/opencv_polimi/v4l-utils-0.8.8/CMakeFiles/CMakeTmp']
  ignore line: [/usr/bin/cmake -E cmake_progress_report /home/rodrygojose/opencv_polimi/v4l-utils-0.8.8/CMakeFiles/CMakeTmp/CMakeFiles 1]
  ignore line: [Building CXX object CMakeFiles/cmTryCompileExec1787129896.dir/CMakeCXXCompilerABI.cpp.o]
  ignore line: [/usr/bin/c++     -o CMakeFiles/cmTryCompileExec1787129896.dir/CMakeCXXCompilerABI.cpp.o -c /usr/share/cmake/Modules/CMakeCXXCompilerABI.cpp]
  ignore line: [Linking CXX executable cmTryCompileExec1787129896]
  ignore line: [/usr/bin/cmake -E cmake_link_script CMakeFiles/cmTryCompileExec1787129896.dir/link.txt --verbose=1]
  ignore line: [/usr/bin/c++        -v CMakeFiles/cmTryCompileExec1787129896.dir/CMakeCXXCompilerABI.cpp.o  -o cmTryCompileExec1787129896 -rdynamic  ]
  ignore line: [Using built-in specs.]
  ignore line: [COLLECT_GCC=/usr/bin/c++]
  ignore line: [COLLECT_LTO_WRAPPER=/usr/libexec/gcc/i686-redhat-linux/4.7.2/lto-wrapper]
  ignore line: [Target: i686-redhat-linux]
  ignore line: [Configured with: ../configure --prefix=/usr --mandir=/usr/share/man --infodir=/usr/share/info --with-bugurl=http://bugzilla.redhat.com/bugzilla --enable-bootstrap --enable-shared --enable-threads=posix --enable-checking=release --disable-build-with-cxx --disable-build-poststage1-with-cxx --with-system-zlib --enable-__cxa_atexit --disable-libunwind-exceptions --enable-gnu-unique-object --enable-linker-build-id --with-linker-hash-style=gnu --enable-languages=c,c++,objc,obj-c++,java,fortran,ada,go,lto --enable-plugin --enable-initfini-array --enable-java-awt=gtk --disable-dssi --with-java-home=/usr/lib/jvm/java-1.5.0-gcj-1.5.0.0/jre --enable-libgcj-multifile --enable-java-maintainer-mode --with-ecj-jar=/usr/share/java/eclipse-ecj.jar --disable-libjava-multilib --with-ppl --with-cloog --with-tune=generic --with-arch=i686 --build=i686-redhat-linux]
  ignore line: [Thread model: posix]
  ignore line: [gcc version 4.7.2 20120921 (Red Hat 4.7.2-2) (GCC) ]
  ignore line: [COMPILER_PATH=/usr/libexec/gcc/i686-redhat-linux/4.7.2/:/usr/libexec/gcc/i686-redhat-linux/4.7.2/:/usr/libexec/gcc/i686-redhat-linux/:/usr/lib/gcc/i686-redhat-linux/4.7.2/:/usr/lib/gcc/i686-redhat-linux/]
  ignore line: [LIBRARY_PATH=/usr/lib/gcc/i686-redhat-linux/4.7.2/:/usr/lib/gcc/i686-redhat-linux/4.7.2/../../../:/lib/:/usr/lib/]
  ignore line: [COLLECT_GCC_OPTIONS='-v' '-o' 'cmTryCompileExec1787129896' '-rdynamic' '-shared-libgcc' '-mtune=generic' '-march=i686']
  link line: [ /usr/libexec/gcc/i686-redhat-linux/4.7.2/collect2 --build-id --no-add-needed --eh-frame-hdr --hash-style=gnu -m elf_i386 -export-dynamic -dynamic-linker /lib/ld-linux.so.2 -o cmTryCompileExec1787129896 /usr/lib/gcc/i686-redhat-linux/4.7.2/../../../crt1.o /usr/lib/gcc/i686-redhat-linux/4.7.2/../../../crti.o /usr/lib/gcc/i686-redhat-linux/4.7.2/crtbegin.o -L/usr/lib/gcc/i686-redhat-linux/4.7.2 -L/usr/lib/gcc/i686-redhat-linux/4.7.2/../../.. CMakeFiles/cmTryCompileExec1787129896.dir/CMakeCXXCompilerABI.cpp.o -lstdc++ -lm -lgcc_s -lgcc -lc -lgcc_s -lgcc /usr/lib/gcc/i686-redhat-linux/4.7.2/crtend.o /usr/lib/gcc/i686-redhat-linux/4.7.2/../../../crtn.o]
    arg [/usr/libexec/gcc/i686-redhat-linux/4.7.2/collect2] ==> ignore
    arg [--build-id] ==> ignore
    arg [--no-add-needed] ==> ignore
    arg [--eh-frame-hdr] ==> ignore
    arg [--hash-style=gnu] ==> ignore
    arg [-m] ==> ignore
    arg [elf_i386] ==> ignore
    arg [-export-dynamic] ==> ignore
    arg [-dynamic-linker] ==> ignore
    arg [/lib/ld-linux.so.2] ==> ignore
    arg [-o] ==> ignore
    arg [cmTryCompileExec1787129896] ==> ignore
    arg [/usr/lib/gcc/i686-redhat-linux/4.7.2/../../../crt1.o] ==> ignore
    arg [/usr/lib/gcc/i686-redhat-linux/4.7.2/../../../crti.o] ==> ignore
    arg [/usr/lib/gcc/i686-redhat-linux/4.7.2/crtbegin.o] ==> ignore
    arg [-L/usr/lib/gcc/i686-redhat-linux/4.7.2] ==> dir [/usr/lib/gcc/i686-redhat-linux/4.7.2]
    arg [-L/usr/lib/gcc/i686-redhat-linux/4.7.2/../../..] ==> dir [/usr/lib/gcc/i686-redhat-linux/4.7.2/../../..]
    arg [CMakeFiles/cmTryCompileExec1787129896.dir/CMakeCXXCompilerABI.cpp.o] ==> ignore
    arg [-lstdc++] ==> lib [stdc++]
    arg [-lm] ==> lib [m]
    arg [-lgcc_s] ==> lib [gcc_s]
    arg [-lgcc] ==> lib [gcc]
    arg [-lc] ==> lib [c]
    arg [-lgcc_s] ==> lib [gcc_s]
    arg [-lgcc] ==> lib [gcc]
    arg [/usr/lib/gcc/i686-redhat-linux/4.7.2/crtend.o] ==> ignore
    arg [/usr/lib/gcc/i686-redhat-linux/4.7.2/../../../crtn.o] ==> ignore
  remove lib [gcc_s]
  remove lib [gcc]
  remove lib [gcc_s]
  remove lib [gcc]
  collapse dir [/usr/lib/gcc/i686-redhat-linux/4.7.2] ==> [/usr/lib/gcc/i686-redhat-linux/4.7.2]
  collapse dir [/usr/lib/gcc/i686-redhat-linux/4.7.2/../../..] ==> [/usr/lib]
  implicit libs: [stdc++;m;c]
  implicit dirs: [/usr/lib/gcc/i686-redhat-linux/4.7.2;/usr/lib]


Determining if the C compiler works passed with the following output:
Change Dir: /home/rodrygojose/opencv_polimi/v4l-utils-0.8.8/CMakeFiles/CMakeTmp

Run Build Command:/usr/bin/gmake "cmTryCompileExec1744512596/fast"
/usr/bin/gmake -f CMakeFiles/cmTryCompileExec1744512596.dir/build.make CMakeFiles/cmTryCompileExec1744512596.dir/build
gmake[1]: Entering directory `/home/rodrygojose/opencv_polimi/v4l-utils-0.8.8/CMakeFiles/CMakeTmp'
/usr/bin/cmake -E cmake_progress_report /home/rodrygojose/opencv_polimi/v4l-utils-0.8.8/CMakeFiles/CMakeTmp/CMakeFiles 1
Building C object CMakeFiles/cmTryCompileExec1744512596.dir/testCCompiler.c.o
/usr/bin/gcc    -o CMakeFiles/cmTryCompileExec1744512596.dir/testCCompiler.c.o   -c /home/rodrygojose/opencv_polimi/v4l-utils-0.8.8/CMakeFiles/CMakeTmp/testCCompiler.c
Linking C executable cmTryCompileExec1744512596
/usr/bin/cmake -E cmake_link_script CMakeFiles/cmTryCompileExec1744512596.dir/link.txt --verbose=1
/usr/bin/gcc         CMakeFiles/cmTryCompileExec1744512596.dir/testCCompiler.c.o  -o cmTryCompileExec1744512596 -rdynamic 
gmake[1]: Leaving directory `/home/rodrygojose/opencv_polimi/v4l-utils-0.8.8/CMakeFiles/CMakeTmp'


Detecting C compiler ABI info compiled with the following output:
Change Dir: /home/rodrygojose/opencv_polimi/v4l-utils-0.8.8/CMakeFiles/CMakeTmp

Run Build Command:/usr/bin/gmake "cmTryCompileExec1769570038/fast"
/usr/bin/gmake -f CMakeFiles/cmTryCompileExec1769570038.dir/build.make CMakeFiles/cmTryCompileExec1769570038.dir/build
gmake[1]: Entering directory `/home/rodrygojose/opencv_polimi/v4l-utils-0.8.8/CMakeFiles/CMakeTmp'
/usr/bin/cmake -E cmake_progress_report /home/rodrygojose/opencv_polimi/v4l-utils-0.8.8/CMakeFiles/CMakeTmp/CMakeFiles 1
Building C object CMakeFiles/cmTryCompileExec1769570038.dir/CMakeCCompilerABI.c.o
/usr/bin/gcc    -o CMakeFiles/cmTryCompileExec1769570038.dir/CMakeCCompilerABI.c.o   -c /usr/share/cmake/Modules/CMakeCCompilerABI.c
Linking C executable cmTryCompileExec1769570038
/usr/bin/cmake -E cmake_link_script CMakeFiles/cmTryCompileExec1769570038.dir/link.txt --verbose=1
/usr/bin/gcc       -v CMakeFiles/cmTryCompileExec1769570038.dir/CMakeCCompilerABI.c.o  -o cmTryCompileExec1769570038 -rdynamic  
Using built-in specs.
COLLECT_GCC=/usr/bin/gcc
COLLECT_LTO_WRAPPER=/usr/libexec/gcc/i686-redhat-linux/4.7.2/lto-wrapper
Target: i686-redhat-linux
Configured with: ../configure --prefix=/usr --mandir=/usr/share/man --infodir=/usr/share/info --with-bugurl=http://bugzilla.redhat.com/bugzilla --enable-bootstrap --enable-shared --enable-threads=posix --enable-checking=release --disable-build-with-cxx --disable-build-poststage1-with-cxx --with-system-zlib --enable-__cxa_atexit --disable-libunwind-exceptions --enable-gnu-unique-object --enable-linker-build-id --with-linker-hash-style=gnu --enable-languages=c,c++,objc,obj-c++,java,fortran,ada,go,lto --enable-plugin --enable-initfini-array --enable-java-awt=gtk --disable-dssi --with-java-home=/usr/lib/jvm/java-1.5.0-gcj-1.5.0.0/jre --enable-libgcj-multifile --enable-java-maintainer-mode --with-ecj-jar=/usr/share/java/eclipse-ecj.jar --disable-libjava-multilib --with-ppl --with-cloog --with-tune=generic --with-arch=i686 --build=i686-redhat-linux
Thread model: posix
gcc version 4.7.2 20120921 (Red Hat 4.7.2-2) (GCC) 
COMPILER_PATH=/usr/libexec/gcc/i686-redhat-linux/4.7.2/:/usr/libexec/gcc/i686-redhat-linux/4.7.2/:/usr/libexec/gcc/i686-redhat-linux/:/usr/lib/gcc/i686-redhat-linux/4.7.2/:/usr/lib/gcc/i686-redhat-linux/
LIBRARY_PATH=/usr/lib/gcc/i686-redhat-linux/4.7.2/:/usr/lib/gcc/i686-redhat-linux/4.7.2/../../../:/lib/:/usr/lib/
COLLECT_GCC_OPTIONS='-v' '-o' 'cmTryCompileExec1769570038' '-rdynamic' '-mtune=generic' '-march=i686'
 /usr/libexec/gcc/i686-redhat-linux/4.7.2/collect2 --build-id --no-add-needed --eh-frame-hdr --hash-style=gnu -m elf_i386 -export-dynamic -dynamic-linker /lib/ld-linux.so.2 -o cmTryCompileExec1769570038 /usr/lib/gcc/i686-redhat-linux/4.7.2/../../../crt1.o /usr/lib/gcc/i686-redhat-linux/4.7.2/../../../crti.o /usr/lib/gcc/i686-redhat-linux/4.7.2/crtbegin.o -L/usr/lib/gcc/i686-redhat-linux/4.7.2 -L/usr/lib/gcc/i686-redhat-linux/4.7.2/../../.. CMakeFiles/cmTryCompileExec1769570038.dir/CMakeCCompilerABI.c.o -lgcc --as-needed -lgcc_s --no-as-needed -lc -lgcc --as-needed -lgcc_s --no-as-needed /usr/lib/gcc/i686-redhat-linux/4.7.2/crtend.o /usr/lib/gcc/i686-redhat-linux/4.7.2/../../../crtn.o
gmake[1]: Leaving directory `/home/rodrygojose/opencv_polimi/v4l-utils-0.8.8/CMakeFiles/CMakeTmp'


Parsed C implicit link information from above output:
  link line regex: [^( *|.*[/\])(ld|ld|collect2)[^/\]*( |$)]
  ignore line: [Change Dir: /home/rodrygojose/opencv_polimi/v4l-utils-0.8.8/CMakeFiles/CMakeTmp]
  ignore line: []
  ignore line: [Run Build Command:/usr/bin/gmake "cmTryCompileExec1769570038/fast"]
  ignore line: [/usr/bin/gmake -f CMakeFiles/cmTryCompileExec1769570038.dir/build.make CMakeFiles/cmTryCompileExec1769570038.dir/build]
  ignore line: [gmake[1]: Entering directory `/home/rodrygojose/opencv_polimi/v4l-utils-0.8.8/CMakeFiles/CMakeTmp']
  ignore line: [/usr/bin/cmake -E cmake_progress_report /home/rodrygojose/opencv_polimi/v4l-utils-0.8.8/CMakeFiles/CMakeTmp/CMakeFiles 1]
  ignore line: [Building C object CMakeFiles/cmTryCompileExec1769570038.dir/CMakeCCompilerABI.c.o]
  ignore line: [/usr/bin/gcc    -o CMakeFiles/cmTryCompileExec1769570038.dir/CMakeCCompilerABI.c.o   -c /usr/share/cmake/Modules/CMakeCCompilerABI.c]
  ignore line: [Linking C executable cmTryCompileExec1769570038]
  ignore line: [/usr/bin/cmake -E cmake_link_script CMakeFiles/cmTryCompileExec1769570038.dir/link.txt --verbose=1]
  ignore line: [/usr/bin/gcc       -v CMakeFiles/cmTryCompileExec1769570038.dir/CMakeCCompilerABI.c.o  -o cmTryCompileExec1769570038 -rdynamic  ]
  ignore line: [Using built-in specs.]
  ignore line: [COLLECT_GCC=/usr/bin/gcc]
  ignore line: [COLLECT_LTO_WRAPPER=/usr/libexec/gcc/i686-redhat-linux/4.7.2/lto-wrapper]
  ignore line: [Target: i686-redhat-linux]
  ignore line: [Configured with: ../configure --prefix=/usr --mandir=/usr/share/man --infodir=/usr/share/info --with-bugurl=http://bugzilla.redhat.com/bugzilla --enable-bootstrap --enable-shared --enable-threads=posix --enable-checking=release --disable-build-with-cxx --disable-build-poststage1-with-cxx --with-system-zlib --enable-__cxa_atexit --disable-libunwind-exceptions --enable-gnu-unique-object --enable-linker-build-id --with-linker-hash-style=gnu --enable-languages=c,c++,objc,obj-c++,java,fortran,ada,go,lto --enable-plugin --enable-initfini-array --enable-java-awt=gtk --disable-dssi --with-java-home=/usr/lib/jvm/java-1.5.0-gcj-1.5.0.0/jre --enable-libgcj-multifile --enable-java-maintainer-mode --with-ecj-jar=/usr/share/java/eclipse-ecj.jar --disable-libjava-multilib --with-ppl --with-cloog --with-tune=generic --with-arch=i686 --build=i686-redhat-linux]
  ignore line: [Thread model: posix]
  ignore line: [gcc version 4.7.2 20120921 (Red Hat 4.7.2-2) (GCC) ]
  ignore line: [COMPILER_PATH=/usr/libexec/gcc/i686-redhat-linux/4.7.2/:/usr/libexec/gcc/i686-redhat-linux/4.7.2/:/usr/libexec/gcc/i686-redhat-linux/:/usr/lib/gcc/i686-redhat-linux/4.7.2/:/usr/lib/gcc/i686-redhat-linux/]
  ignore line: [LIBRARY_PATH=/usr/lib/gcc/i686-redhat-linux/4.7.2/:/usr/lib/gcc/i686-redhat-linux/4.7.2/../../../:/lib/:/usr/lib/]
  ignore line: [COLLECT_GCC_OPTIONS='-v' '-o' 'cmTryCompileExec1769570038' '-rdynamic' '-mtune=generic' '-march=i686']
  link line: [ /usr/libexec/gcc/i686-redhat-linux/4.7.2/collect2 --build-id --no-add-needed --eh-frame-hdr --hash-style=gnu -m elf_i386 -export-dynamic -dynamic-linker /lib/ld-linux.so.2 -o cmTryCompileExec1769570038 /usr/lib/gcc/i686-redhat-linux/4.7.2/../../../crt1.o /usr/lib/gcc/i686-redhat-linux/4.7.2/../../../crti.o /usr/lib/gcc/i686-redhat-linux/4.7.2/crtbegin.o -L/usr/lib/gcc/i686-redhat-linux/4.7.2 -L/usr/lib/gcc/i686-redhat-linux/4.7.2/../../.. CMakeFiles/cmTryCompileExec1769570038.dir/CMakeCCompilerABI.c.o -lgcc --as-needed -lgcc_s --no-as-needed -lc -lgcc --as-needed -lgcc_s --no-as-needed /usr/lib/gcc/i686-redhat-linux/4.7.2/crtend.o /usr/lib/gcc/i686-redhat-linux/4.7.2/../../../crtn.o]
    arg [/usr/libexec/gcc/i686-redhat-linux/4.7.2/collect2] ==> ignore
    arg [--build-id] ==> ignore
    arg [--no-add-needed] ==> ignore
    arg [--eh-frame-hdr] ==> ignore
    arg [--hash-style=gnu] ==> ignore
    arg [-m] ==> ignore
    arg [elf_i386] ==> ignore
    arg [-export-dynamic] ==> ignore
    arg [-dynamic-linker] ==> ignore
    arg [/lib/ld-linux.so.2] ==> ignore
    arg [-o] ==> ignore
    arg [cmTryCompileExec1769570038] ==> ignore
    arg [/usr/lib/gcc/i686-redhat-linux/4.7.2/../../../crt1.o] ==> ignore
    arg [/usr/lib/gcc/i686-redhat-linux/4.7.2/../../../crti.o] ==> ignore
    arg [/usr/lib/gcc/i686-redhat-linux/4.7.2/crtbegin.o] ==> ignore
    arg [-L/usr/lib/gcc/i686-redhat-linux/4.7.2] ==> dir [/usr/lib/gcc/i686-redhat-linux/4.7.2]
    arg [-L/usr/lib/gcc/i686-redhat-linux/4.7.2/../../..] ==> dir [/usr/lib/gcc/i686-redhat-linux/4.7.2/../../..]
    arg [CMakeFiles/cmTryCompileExec1769570038.dir/CMakeCCompilerABI.c.o] ==> ignore
    arg [-lgcc] ==> lib [gcc]
    arg [--as-needed] ==> ignore
    arg [-lgcc_s] ==> lib [gcc_s]
    arg [--no-as-needed] ==> ignore
    arg [-lc] ==> lib [c]
    arg [-lgcc] ==> lib [gcc]
    arg [--as-needed] ==> ignore
    arg [-lgcc_s] ==> lib [gcc_s]
    arg [--no-as-needed] ==> ignore
    arg [/usr/lib/gcc/i686-redhat-linux/4.7.2/crtend.o] ==> ignore
    arg [/usr/lib/gcc/i686-redhat-linux/4.7.2/../../../crtn.o] ==> ignore
  remove lib [gcc]
  remove lib [gcc_s]
  remove lib [gcc]
  remove lib [gcc_s]
  collapse dir [/usr/lib/gcc/i686-redhat-linux/4.7.2] ==> [/usr/lib/gcc/i686-redhat-linux/4.7.2]
  collapse dir [/usr/lib/gcc/i686-redhat-linux/4.7.2/../../..] ==> [/usr/lib]
  implicit libs: [c]
  implicit dirs: [/usr/lib/gcc/i686-redhat-linux/4.7.2;/usr/lib]


Determining if the include file alloca.h exists passed with the following output:
Change Dir: /home/rodrygojose/opencv_polimi/v4l-utils-0.8.8/CMakeFiles/CMakeTmp

Run Build Command:/usr/bin/gmake "cmTryCompileExec2709748330/fast"
/usr/bin/gmake -f CMakeFiles/cmTryCompileExec2709748330.dir/build.make CMakeFiles/cmTryCompileExec2709748330.dir/build
gmake[1]: Entering directory `/home/rodrygojose/opencv_polimi/v4l-utils-0.8.8/CMakeFiles/CMakeTmp'
/usr/bin/cmake -E cmake_progress_report /home/rodrygojose/opencv_polimi/v4l-utils-0.8.8/CMakeFiles/CMakeTmp/CMakeFiles 1
Building C object CMakeFiles/cmTryCompileExec2709748330.dir/CheckIncludeFile.c.o
/usr/bin/gcc   -W -Wall -Werror=return-type -Werror=address -Werror=sequence-point -Wformat -Werror=format-security -Wmissing-declarations -Wmissing-prototypes -Wstrict-prototypes -Wundef -Winit-self -Wpointer-arith -Wshadow -Wno-narrowing -fdiagnostics-show-option -pthread -march=i686 -fomit-frame-pointer -msse -msse2 -msse3 -mfpmath=sse -ffunction-sections   -O3 -DNDEBUG   -o CMakeFiles/cmTryCompileExec2709748330.dir/CheckIncludeFile.c.o   -c /home/rodrygojose/opencv_polimi/v4l-utils-0.8.8/CMakeFiles/CMakeTmp/CheckIncludeFile.c
Linking C executable cmTryCompileExec2709748330
/usr/bin/cmake -E cmake_link_script CMakeFiles/cmTryCompileExec2709748330.dir/link.txt --verbose=1
/usr/bin/gcc      -W -Wall -Werror=return-type -Werror=address -Werror=sequence-point -Wformat -Werror=format-security -Wmissing-declarations -Wmissing-prototypes -Wstrict-prototypes -Wundef -Winit-self -Wpointer-arith -Wshadow -Wno-narrowing -fdiagnostics-show-option -pthread -march=i686 -fomit-frame-pointer -msse -msse2 -msse3 -mfpmath=sse -ffunction-sections   -O3 -DNDEBUG    CMakeFiles/cmTryCompileExec2709748330.dir/CheckIncludeFile.c.o  -o cmTryCompileExec2709748330 -rdynamic 
gmake[1]: Leaving directory `/home/rodrygojose/opencv_polimi/v4l-utils-0.8.8/CMakeFiles/CMakeTmp'


Determining if the include file unistd.h exists passed with the following output:
Change Dir: /home/rodrygojose/opencv_polimi/v4l-utils-0.8.8/CMakeFiles/CMakeTmp

Run Build Command:/usr/bin/gmake "cmTryCompileExec1448371555/fast"
/usr/bin/gmake -f CMakeFiles/cmTryCompileExec1448371555.dir/build.make CMakeFiles/cmTryCompileExec1448371555.dir/build
gmake[1]: Entering directory `/home/rodrygojose/opencv_polimi/v4l-utils-0.8.8/CMakeFiles/CMakeTmp'
/usr/bin/cmake -E cmake_progress_report /home/rodrygojose/opencv_polimi/v4l-utils-0.8.8/CMakeFiles/CMakeTmp/CMakeFiles 1
Building C object CMakeFiles/cmTryCompileExec1448371555.dir/CheckIncludeFile.c.o
/usr/bin/gcc   -W -Wall -Werror=return-type -Werror=address -Werror=sequence-point -Wformat -Werror=format-security -Wmissing-declarations -Wmissing-prototypes -Wstrict-prototypes -Wundef -Winit-self -Wpointer-arith -Wshadow -Wno-narrowing -fdiagnostics-show-option -pthread -march=i686 -fomit-frame-pointer -msse -msse2 -msse3 -mfpmath=sse -ffunction-sections   -O3 -DNDEBUG   -o CMakeFiles/cmTryCompileExec1448371555.dir/CheckIncludeFile.c.o   -c /home/rodrygojose/opencv_polimi/v4l-utils-0.8.8/CMakeFiles/CMakeTmp/CheckIncludeFile.c
Linking C executable cmTryCompileExec1448371555
/usr/bin/cmake -E cmake_link_script CMakeFiles/cmTryCompileExec1448371555.dir/link.txt --verbose=1
/usr/bin/gcc      -W -Wall -Werror=return-type -Werror=address -Werror=sequence-point -Wformat -Werror=format-security -Wmissing-declarations -Wmissing-prototypes -Wstrict-prototypes -Wundef -Winit-self -Wpointer-arith -Wshadow -Wno-narrowing -fdiagnostics-show-option -pthread -march=i686 -fomit-frame-pointer -msse -msse2 -msse3 -mfpmath=sse -ffunction-sections   -O3 -DNDEBUG    CMakeFiles/cmTryCompileExec1448371555.dir/CheckIncludeFile.c.o  -o cmTryCompileExec1448371555 -rdynamic 
gmake[1]: Leaving directory `/home/rodrygojose/opencv_polimi/v4l-utils-0.8.8/CMakeFiles/CMakeTmp'


Determining if the include file pthread.h exists passed with the following output:
Change Dir: /home/rodrygojose/opencv_polimi/v4l-utils-0.8.8/CMakeFiles/CMakeTmp

Run Build Command:/usr/bin/gmake "cmTryCompileExec2129500097/fast"
/usr/bin/gmake -f CMakeFiles/cmTryCompileExec2129500097.dir/build.make CMakeFiles/cmTryCompileExec2129500097.dir/build
gmake[1]: Entering directory `/home/rodrygojose/opencv_polimi/v4l-utils-0.8.8/CMakeFiles/CMakeTmp'
/usr/bin/cmake -E cmake_progress_report /home/rodrygojose/opencv_polimi/v4l-utils-0.8.8/CMakeFiles/CMakeTmp/CMakeFiles 1
Building C object CMakeFiles/cmTryCompileExec2129500097.dir/CheckIncludeFile.c.o
/usr/bin/gcc   -W -Wall -Werror=return-type -Werror=address -Werror=sequence-point -Wformat -Werror=format-security -Wmissing-declarations -Wmissing-prototypes -Wstrict-prototypes -Wundef -Winit-self -Wpointer-arith -Wshadow -Wno-narrowing -fdiagnostics-show-option -pthread -march=i686 -fomit-frame-pointer -msse -msse2 -msse3 -mfpmath=sse -ffunction-sections   -O3 -DNDEBUG   -o CMakeFiles/cmTryCompileExec2129500097.dir/CheckIncludeFile.c.o   -c /home/rodrygojose/opencv_polimi/v4l-utils-0.8.8/CMakeFiles/CMakeTmp/CheckIncludeFile.c
Linking C executable cmTryCompileExec2129500097
/usr/bin/cmake -E cmake_link_script CMakeFiles/cmTryCompileExec2129500097.dir/link.txt --verbose=1
/usr/bin/gcc      -W -Wall -Werror=return-type -Werror=address -Werror=sequence-point -Wformat -Werror=format-security -Wmissing-declarations -Wmissing-prototypes -Wstrict-prototypes -Wundef -Winit-self -Wpointer-arith -Wshadow -Wno-narrowing -fdiagnostics-show-option -pthread -march=i686 -fomit-frame-pointer -msse -msse2 -msse3 -mfpmath=sse -ffunction-sections   -O3 -DNDEBUG    CMakeFiles/cmTryCompileExec2129500097.dir/CheckIncludeFile.c.o  -o cmTryCompileExec2129500097 -rdynamic 
gmake[1]: Leaving directory `/home/rodrygojose/opencv_polimi/v4l-utils-0.8.8/CMakeFiles/CMakeTmp'


Determining if the include file /usr/include/png.h exists passed with the following output:
Change Dir: /home/rodrygojose/opencv_polimi/v4l-utils-0.8.8/CMakeFiles/CMakeTmp

Run Build Command:/usr/bin/gmake "cmTryCompileExec4041534974/fast"
/usr/bin/gmake -f CMakeFiles/cmTryCompileExec4041534974.dir/build.make CMakeFiles/cmTryCompileExec4041534974.dir/build
gmake[1]: Entering directory `/home/rodrygojose/opencv_polimi/v4l-utils-0.8.8/CMakeFiles/CMakeTmp'
/usr/bin/cmake -E cmake_progress_report /home/rodrygojose/opencv_polimi/v4l-utils-0.8.8/CMakeFiles/CMakeTmp/CMakeFiles 1
Building C object CMakeFiles/cmTryCompileExec4041534974.dir/CheckIncludeFile.c.o
/usr/bin/gcc   -W -Wall -Werror=return-type -Werror=address -Werror=sequence-point -Wformat -Werror=format-security -Wmissing-declarations -Wmissing-prototypes -Wstrict-prototypes -Wundef -Winit-self -Wpointer-arith -Wshadow -Wno-narrowing -fdiagnostics-show-option -pthread -march=i686 -fomit-frame-pointer -msse -msse2 -msse3 -mfpmath=sse -ffunction-sections   -O3 -DNDEBUG   -o CMakeFiles/cmTryCompileExec4041534974.dir/CheckIncludeFile.c.o   -c /home/rodrygojose/opencv_polimi/v4l-utils-0.8.8/CMakeFiles/CMakeTmp/CheckIncludeFile.c
Linking C executable cmTryCompileExec4041534974
/usr/bin/cmake -E cmake_link_script CMakeFiles/cmTryCompileExec4041534974.dir/link.txt --verbose=1
/usr/bin/gcc      -W -Wall -Werror=return-type -Werror=address -Werror=sequence-point -Wformat -Werror=format-security -Wmissing-declarations -Wmissing-prototypes -Wstrict-prototypes -Wundef -Winit-self -Wpointer-arith -Wshadow -Wno-narrowing -fdiagnostics-show-option -pthread -march=i686 -fomit-frame-pointer -msse -msse2 -msse3 -mfpmath=sse -ffunction-sections   -O3 -DNDEBUG    CMakeFiles/cmTryCompileExec4041534974.dir/CheckIncludeFile.c.o  -o cmTryCompileExec4041534974 -rdynamic 
gmake[1]: Leaving directory `/home/rodrygojose/opencv_polimi/v4l-utils-0.8.8/CMakeFiles/CMakeTmp'


Determining if the include file semaphore.h exists passed with the following output:
Change Dir: /home/rodrygojose/opencv_polimi/v4l-utils-0.8.8/CMakeFiles/CMakeTmp

Run Build Command:/usr/bin/gmake "cmTryCompileExec1920560769/fast"
/usr/bin/gmake -f CMakeFiles/cmTryCompileExec1920560769.dir/build.make CMakeFiles/cmTryCompileExec1920560769.dir/build
gmake[1]: Entering directory `/home/rodrygojose/opencv_polimi/v4l-utils-0.8.8/CMakeFiles/CMakeTmp'
/usr/bin/cmake -E cmake_progress_report /home/rodrygojose/opencv_polimi/v4l-utils-0.8.8/CMakeFiles/CMakeTmp/CMakeFiles 1
Building C object CMakeFiles/cmTryCompileExec1920560769.dir/CheckIncludeFile.c.o
/usr/bin/gcc   -W -Wall -Werror=return-type -Werror=address -Werror=sequence-point -Wformat -Werror=format-security -Wmissing-declarations -Wmissing-prototypes -Wstrict-prototypes -Wundef -Winit-self -Wpointer-arith -Wshadow -Wno-narrowing -fdiagnostics-show-option -pthread -march=i686 -fomit-frame-pointer -msse -msse2 -msse3 -mfpmath=sse -ffunction-sections   -O3 -DNDEBUG   -o CMakeFiles/cmTryCompileExec1920560769.dir/CheckIncludeFile.c.o   -c /home/rodrygojose/opencv_polimi/v4l-utils-0.8.8/CMakeFiles/CMakeTmp/CheckIncludeFile.c
Linking C executable cmTryCompileExec1920560769
/usr/bin/cmake -E cmake_link_script CMakeFiles/cmTryCompileExec1920560769.dir/link.txt --verbose=1
/usr/bin/gcc      -W -Wall -Werror=return-type -Werror=address -Werror=sequence-point -Wformat -Werror=format-security -Wmissing-declarations -Wmissing-prototypes -Wstrict-prototypes -Wundef -Winit-self -Wpointer-arith -Wshadow -Wno-narrowing -fdiagnostics-show-option -pthread -march=i686 -fomit-frame-pointer -msse -msse2 -msse3 -mfpmath=sse -ffunction-sections   -O3 -DNDEBUG    CMakeFiles/cmTryCompileExec1920560769.dir/CheckIncludeFile.c.o  -o cmTryCompileExec1920560769 -rdynamic 
gmake[1]: Leaving directory `/home/rodrygojose/opencv_polimi/v4l-utils-0.8.8/CMakeFiles/CMakeTmp'


Determining if the Q_WS_X11 exist passed with the following output:
Change Dir: /home/rodrygojose/opencv_polimi/v4l-utils-0.8.8/CMakeFiles/CMakeTmp

Run Build Command:/usr/bin/gmake "cmTryCompileExec3308271624/fast"
/usr/bin/gmake -f CMakeFiles/cmTryCompileExec3308271624.dir/build.make CMakeFiles/cmTryCompileExec3308271624.dir/build
gmake[1]: Entering directory `/home/rodrygojose/opencv_polimi/v4l-utils-0.8.8/CMakeFiles/CMakeTmp'
/usr/bin/cmake -E cmake_progress_report /home/rodrygojose/opencv_polimi/v4l-utils-0.8.8/CMakeFiles/CMakeTmp/CMakeFiles 1
Building CXX object CMakeFiles/cmTryCompileExec3308271624.dir/CheckSymbolExists.cxx.o
/usr/bin/c++    -W -Wall -Werror=return-type -Werror=address -Werror=sequence-point -Wformat -Werror=format-security -Wmissing-declarations -Wundef -Winit-self -Wpointer-arith -Wshadow -Wsign-promo -Wno-narrowing -Wno-delete-non-virtual-dtor -fdiagnostics-show-option -pthread -march=i686 -fomit-frame-pointer -msse -msse2 -msse3 -mfpmath=sse -ffunction-sections   -O3 -DNDEBUG   -o CMakeFiles/cmTryCompileExec3308271624.dir/CheckSymbolExists.cxx.o -c /home/rodrygojose/opencv_polimi/v4l-utils-0.8.8/CMakeFiles/CMakeTmp/CheckSymbolExists.cxx
Linking CXX executable cmTryCompileExec3308271624
/usr/bin/cmake -E cmake_link_script CMakeFiles/cmTryCompileExec3308271624.dir/link.txt --verbose=1
/usr/bin/c++       -W -Wall -Werror=return-type -Werror=address -Werror=sequence-point -Wformat -Werror=format-security -Wmissing-declarations -Wundef -Winit-self -Wpointer-arith -Wshadow -Wsign-promo -Wno-narrowing -Wno-delete-non-virtual-dtor -fdiagnostics-show-option -pthread -march=i686 -fomit-frame-pointer -msse -msse2 -msse3 -mfpmath=sse -ffunction-sections   -O3 -DNDEBUG    CMakeFiles/cmTryCompileExec3308271624.dir/CheckSymbolExists.cxx.o  -o cmTryCompileExec3308271624 -rdynamic 
gmake[1]: Leaving directory `/home/rodrygojose/opencv_polimi/v4l-utils-0.8.8/CMakeFiles/CMakeTmp'

File /home/rodrygojose/opencv_polimi/v4l-utils-0.8.8/CMakeFiles/CMakeTmp/CheckSymbolExists.cxx:
/* */
#include <QtCore/qglobal.h>

int main(int argc, char** argv)
{
  (void)argv;
#ifndef Q_WS_X11
  return ((int*)(&Q_WS_X11))[argc];
#else
  (void)argc;
  return 0;
#endif
}

Determining if the function XOpenDisplay exists in the /lib/libX11.so;/lib/libXext.so passed with the following output:
Change Dir: /home/rodrygojose/opencv_polimi/v4l-utils-0.8.8/CMakeFiles/CMakeTmp

Run Build Command:/usr/bin/gmake "cmTryCompileExec2977458517/fast"
/usr/bin/gmake -f CMakeFiles/cmTryCompileExec2977458517.dir/build.make CMakeFiles/cmTryCompileExec2977458517.dir/build
gmake[1]: Entering directory `/home/rodrygojose/opencv_polimi/v4l-utils-0.8.8/CMakeFiles/CMakeTmp'
/usr/bin/cmake -E cmake_progress_report /home/rodrygojose/opencv_polimi/v4l-utils-0.8.8/CMakeFiles/CMakeTmp/CMakeFiles 1
Building C object CMakeFiles/cmTryCompileExec2977458517.dir/CheckFunctionExists.c.o
/usr/bin/gcc   -W -Wall -Werror=return-type -Werror=address -Werror=sequence-point -Wformat -Werror=format-security -Wmissing-declarations -Wmissing-prototypes -Wstrict-prototypes -Wundef -Winit-self -Wpointer-arith -Wshadow -Wno-narrowing -fdiagnostics-show-option -pthread -march=i686 -fomit-frame-pointer -msse -msse2 -msse3 -mfpmath=sse -ffunction-sections  -DCHECK_FUNCTION_EXISTS=XOpenDisplay -O3 -DNDEBUG   -o CMakeFiles/cmTryCompileExec2977458517.dir/CheckFunctionExists.c.o   -c /usr/share/cmake/Modules/CheckFunctionExists.c
/usr/share/cmake/Modules/CheckFunctionExists.c:3:1: warning: function declaration isn’t a prototype [-Wstrict-prototypes]
Linking C executable cmTryCompileExec2977458517
/usr/bin/cmake -E cmake_link_script CMakeFiles/cmTryCompileExec2977458517.dir/link.txt --verbose=1
/usr/bin/gcc      -W -Wall -Werror=return-type -Werror=address -Werror=sequence-point -Wformat -Werror=format-security -Wmissing-declarations -Wmissing-prototypes -Wstrict-prototypes -Wundef -Winit-self -Wpointer-arith -Wshadow -Wno-narrowing -fdiagnostics-show-option -pthread -march=i686 -fomit-frame-pointer -msse -msse2 -msse3 -mfpmath=sse -ffunction-sections  -DCHECK_FUNCTION_EXISTS=XOpenDisplay -O3 -DNDEBUG    CMakeFiles/cmTryCompileExec2977458517.dir/CheckFunctionExists.c.o  -o cmTryCompileExec2977458517 -rdynamic -lX11 -lXext 
gmake[1]: Leaving directory `/home/rodrygojose/opencv_polimi/v4l-utils-0.8.8/CMakeFiles/CMakeTmp'


Determining if the function gethostbyname exists passed with the following output:
Change Dir: /home/rodrygojose/opencv_polimi/v4l-utils-0.8.8/CMakeFiles/CMakeTmp

Run Build Command:/usr/bin/gmake "cmTryCompileExec1857468533/fast"
/usr/bin/gmake -f CMakeFiles/cmTryCompileExec1857468533.dir/build.make CMakeFiles/cmTryCompileExec1857468533.dir/build
gmake[1]: Entering directory `/home/rodrygojose/opencv_polimi/v4l-utils-0.8.8/CMakeFiles/CMakeTmp'
/usr/bin/cmake -E cmake_progress_report /home/rodrygojose/opencv_polimi/v4l-utils-0.8.8/CMakeFiles/CMakeTmp/CMakeFiles 1
Building C object CMakeFiles/cmTryCompileExec1857468533.dir/CheckFunctionExists.c.o
/usr/bin/gcc   -W -Wall -Werror=return-type -Werror=address -Werror=sequence-point -Wformat -Werror=format-security -Wmissing-declarations -Wmissing-prototypes -Wstrict-prototypes -Wundef -Winit-self -Wpointer-arith -Wshadow -Wno-narrowing -fdiagnostics-show-option -pthread -march=i686 -fomit-frame-pointer -msse -msse2 -msse3 -mfpmath=sse -ffunction-sections  -DCHECK_FUNCTION_EXISTS=gethostbyname -O3 -DNDEBUG   -o CMakeFiles/cmTryCompileExec1857468533.dir/CheckFunctionExists.c.o   -c /usr/share/cmake/Modules/CheckFunctionExists.c
/usr/share/cmake/Modules/CheckFunctionExists.c:3:1: warning: function declaration isn’t a prototype [-Wstrict-prototypes]
Linking C executable cmTryCompileExec1857468533
/usr/bin/cmake -E cmake_link_script CMakeFiles/cmTryCompileExec1857468533.dir/link.txt --verbose=1
/usr/bin/gcc      -W -Wall -Werror=return-type -Werror=address -Werror=sequence-point -Wformat -Werror=format-security -Wmissing-declarations -Wmissing-prototypes -Wstrict-prototypes -Wundef -Winit-self -Wpointer-arith -Wshadow -Wno-narrowing -fdiagnostics-show-option -pthread -march=i686 -fomit-frame-pointer -msse -msse2 -msse3 -mfpmath=sse -ffunction-sections  -DCHECK_FUNCTION_EXISTS=gethostbyname -O3 -DNDEBUG    CMakeFiles/cmTryCompileExec1857468533.dir/CheckFunctionExists.c.o  -o cmTryCompileExec1857468533 -rdynamic 
gmake[1]: Leaving directory `/home/rodrygojose/opencv_polimi/v4l-utils-0.8.8/CMakeFiles/CMakeTmp'


Determining if the function connect exists passed with the following output:
Change Dir: /home/rodrygojose/opencv_polimi/v4l-utils-0.8.8/CMakeFiles/CMakeTmp

Run Build Command:/usr/bin/gmake "cmTryCompileExec3094142081/fast"
/usr/bin/gmake -f CMakeFiles/cmTryCompileExec3094142081.dir/build.make CMakeFiles/cmTryCompileExec3094142081.dir/build
gmake[1]: Entering directory `/home/rodrygojose/opencv_polimi/v4l-utils-0.8.8/CMakeFiles/CMakeTmp'
/usr/bin/cmake -E cmake_progress_report /home/rodrygojose/opencv_polimi/v4l-utils-0.8.8/CMakeFiles/CMakeTmp/CMakeFiles 1
Building C object CMakeFiles/cmTryCompileExec3094142081.dir/CheckFunctionExists.c.o
/usr/bin/gcc   -W -Wall -Werror=return-type -Werror=address -Werror=sequence-point -Wformat -Werror=format-security -Wmissing-declarations -Wmissing-prototypes -Wstrict-prototypes -Wundef -Winit-self -Wpointer-arith -Wshadow -Wno-narrowing -fdiagnostics-show-option -pthread -march=i686 -fomit-frame-pointer -msse -msse2 -msse3 -mfpmath=sse -ffunction-sections  -DCHECK_FUNCTION_EXISTS=connect -O3 -DNDEBUG   -o CMakeFiles/cmTryCompileExec3094142081.dir/CheckFunctionExists.c.o   -c /usr/share/cmake/Modules/CheckFunctionExists.c
/usr/share/cmake/Modules/CheckFunctionExists.c:3:1: warning: function declaration isn’t a prototype [-Wstrict-prototypes]
Linking C executable cmTryCompileExec3094142081
/usr/bin/cmake -E cmake_link_script CMakeFiles/cmTryCompileExec3094142081.dir/link.txt --verbose=1
/usr/bin/gcc      -W -Wall -Werror=return-type -Werror=address -Werror=sequence-point -Wformat -Werror=format-security -Wmissing-declarations -Wmissing-prototypes -Wstrict-prototypes -Wundef -Winit-self -Wpointer-arith -Wshadow -Wno-narrowing -fdiagnostics-show-option -pthread -march=i686 -fomit-frame-pointer -msse -msse2 -msse3 -mfpmath=sse -ffunction-sections  -DCHECK_FUNCTION_EXISTS=connect -O3 -DNDEBUG    CMakeFiles/cmTryCompileExec3094142081.dir/CheckFunctionExists.c.o  -o cmTryCompileExec3094142081 -rdynamic 
gmake[1]: Leaving directory `/home/rodrygojose/opencv_polimi/v4l-utils-0.8.8/CMakeFiles/CMakeTmp'


Determining if the function remove exists passed with the following output:
Change Dir: /home/rodrygojose/opencv_polimi/v4l-utils-0.8.8/CMakeFiles/CMakeTmp

Run Build Command:/usr/bin/gmake "cmTryCompileExec3384926102/fast"
/usr/bin/gmake -f CMakeFiles/cmTryCompileExec3384926102.dir/build.make CMakeFiles/cmTryCompileExec3384926102.dir/build
gmake[1]: Entering directory `/home/rodrygojose/opencv_polimi/v4l-utils-0.8.8/CMakeFiles/CMakeTmp'
/usr/bin/cmake -E cmake_progress_report /home/rodrygojose/opencv_polimi/v4l-utils-0.8.8/CMakeFiles/CMakeTmp/CMakeFiles 1
Building C object CMakeFiles/cmTryCompileExec3384926102.dir/CheckFunctionExists.c.o
/usr/bin/gcc   -W -Wall -Werror=return-type -Werror=address -Werror=sequence-point -Wformat -Werror=format-security -Wmissing-declarations -Wmissing-prototypes -Wstrict-prototypes -Wundef -Winit-self -Wpointer-arith -Wshadow -Wno-narrowing -fdiagnostics-show-option -pthread -march=i686 -fomit-frame-pointer -msse -msse2 -msse3 -mfpmath=sse -ffunction-sections  -DCHECK_FUNCTION_EXISTS=remove -O3 -DNDEBUG   -o CMakeFiles/cmTryCompileExec3384926102.dir/CheckFunctionExists.c.o   -c /usr/share/cmake/Modules/CheckFunctionExists.c
/usr/share/cmake/Modules/CheckFunctionExists.c:3:1: warning: function declaration isn’t a prototype [-Wstrict-prototypes]
Linking C executable cmTryCompileExec3384926102
/usr/bin/cmake -E cmake_link_script CMakeFiles/cmTryCompileExec3384926102.dir/link.txt --verbose=1
/usr/bin/gcc      -W -Wall -Werror=return-type -Werror=address -Werror=sequence-point -Wformat -Werror=format-security -Wmissing-declarations -Wmissing-prototypes -Wstrict-prototypes -Wundef -Winit-self -Wpointer-arith -Wshadow -Wno-narrowing -fdiagnostics-show-option -pthread -march=i686 -fomit-frame-pointer -msse -msse2 -msse3 -mfpmath=sse -ffunction-sections  -DCHECK_FUNCTION_EXISTS=remove -O3 -DNDEBUG    CMakeFiles/cmTryCompileExec3384926102.dir/CheckFunctionExists.c.o  -o cmTryCompileExec3384926102 -rdynamic 
gmake[1]: Leaving directory `/home/rodrygojose/opencv_polimi/v4l-utils-0.8.8/CMakeFiles/CMakeTmp'


Determining if the function shmat exists passed with the following output:
Change Dir: /home/rodrygojose/opencv_polimi/v4l-utils-0.8.8/CMakeFiles/CMakeTmp

Run Build Command:/usr/bin/gmake "cmTryCompileExec3272051735/fast"
/usr/bin/gmake -f CMakeFiles/cmTryCompileExec3272051735.dir/build.make CMakeFiles/cmTryCompileExec3272051735.dir/build
gmake[1]: Entering directory `/home/rodrygojose/opencv_polimi/v4l-utils-0.8.8/CMakeFiles/CMakeTmp'
/usr/bin/cmake -E cmake_progress_report /home/rodrygojose/opencv_polimi/v4l-utils-0.8.8/CMakeFiles/CMakeTmp/CMakeFiles 1
Building C object CMakeFiles/cmTryCompileExec3272051735.dir/CheckFunctionExists.c.o
/usr/bin/gcc   -W -Wall -Werror=return-type -Werror=address -Werror=sequence-point -Wformat -Werror=format-security -Wmissing-declarations -Wmissing-prototypes -Wstrict-prototypes -Wundef -Winit-self -Wpointer-arith -Wshadow -Wno-narrowing -fdiagnostics-show-option -pthread -march=i686 -fomit-frame-pointer -msse -msse2 -msse3 -mfpmath=sse -ffunction-sections  -DCHECK_FUNCTION_EXISTS=shmat -O3 -DNDEBUG   -o CMakeFiles/cmTryCompileExec3272051735.dir/CheckFunctionExists.c.o   -c /usr/share/cmake/Modules/CheckFunctionExists.c
/usr/share/cmake/Modules/CheckFunctionExists.c:3:1: warning: function declaration isn’t a prototype [-Wstrict-prototypes]
Linking C executable cmTryCompileExec3272051735
/usr/bin/cmake -E cmake_link_script CMakeFiles/cmTryCompileExec3272051735.dir/link.txt --verbose=1
/usr/bin/gcc      -W -Wall -Werror=return-type -Werror=address -Werror=sequence-point -Wformat -Werror=format-security -Wmissing-declarations -Wmissing-prototypes -Wstrict-prototypes -Wundef -Winit-self -Wpointer-arith -Wshadow -Wno-narrowing -fdiagnostics-show-option -pthread -march=i686 -fomit-frame-pointer -msse -msse2 -msse3 -mfpmath=sse -ffunction-sections  -DCHECK_FUNCTION_EXISTS=shmat -O3 -DNDEBUG    CMakeFiles/cmTryCompileExec3272051735.dir/CheckFunctionExists.c.o  -o cmTryCompileExec3272051735 -rdynamic 
gmake[1]: Leaving directory `/home/rodrygojose/opencv_polimi/v4l-utils-0.8.8/CMakeFiles/CMakeTmp'


Determining if the function IceConnectionNumber exists in the ICE passed with the following output:
Change Dir: /home/rodrygojose/opencv_polimi/v4l-utils-0.8.8/CMakeFiles/CMakeTmp

Run Build Command:/usr/bin/gmake "cmTryCompileExec399699961/fast"
/usr/bin/gmake -f CMakeFiles/cmTryCompileExec399699961.dir/build.make CMakeFiles/cmTryCompileExec399699961.dir/build
gmake[1]: Entering directory `/home/rodrygojose/opencv_polimi/v4l-utils-0.8.8/CMakeFiles/CMakeTmp'
/usr/bin/cmake -E cmake_progress_report /home/rodrygojose/opencv_polimi/v4l-utils-0.8.8/CMakeFiles/CMakeTmp/CMakeFiles 1
Building C object CMakeFiles/cmTryCompileExec399699961.dir/CheckFunctionExists.c.o
/usr/bin/gcc   -W -Wall -Werror=return-type -Werror=address -Werror=sequence-point -Wformat -Werror=format-security -Wmissing-declarations -Wmissing-prototypes -Wstrict-prototypes -Wundef -Winit-self -Wpointer-arith -Wshadow -Wno-narrowing -fdiagnostics-show-option -pthread -march=i686 -fomit-frame-pointer -msse -msse2 -msse3 -mfpmath=sse -ffunction-sections  -DCHECK_FUNCTION_EXISTS=IceConnectionNumber -O3 -DNDEBUG   -o CMakeFiles/cmTryCompileExec399699961.dir/CheckFunctionExists.c.o   -c /usr/share/cmake/Modules/CheckFunctionExists.c
/usr/share/cmake/Modules/CheckFunctionExists.c:3:1: warning: function declaration isn’t a prototype [-Wstrict-prototypes]
Linking C executable cmTryCompileExec399699961
/usr/bin/cmake -E cmake_link_script CMakeFiles/cmTryCompileExec399699961.dir/link.txt --verbose=1
/usr/bin/gcc      -W -Wall -Werror=return-type -Werror=address -Werror=sequence-point -Wformat -Werror=format-security -Wmissing-declarations -Wmissing-prototypes -Wstrict-prototypes -Wundef -Winit-self -Wpointer-arith -Wshadow -Wno-narrowing -fdiagnostics-show-option -pthread -march=i686 -fomit-frame-pointer -msse -msse2 -msse3 -mfpmath=sse -ffunction-sections  -DCHECK_FUNCTION_EXISTS=IceConnectionNumber -O3 -DNDEBUG    CMakeFiles/cmTryCompileExec399699961.dir/CheckFunctionExists.c.o  -o cmTryCompileExec399699961 -rdynamic -lICE 
gmake[1]: Leaving directory `/home/rodrygojose/opencv_polimi/v4l-utils-0.8.8/CMakeFiles/CMakeTmp'


Determining if the include file linux/videodev2.h exists passed with the following output:
Change Dir: /home/rodrygojose/opencv_polimi/v4l-utils-0.8.8/CMakeFiles/CMakeTmp

Run Build Command:/usr/bin/gmake "cmTryCompileExec863245289/fast"
/usr/bin/gmake -f CMakeFiles/cmTryCompileExec863245289.dir/build.make CMakeFiles/cmTryCompileExec863245289.dir/build
gmake[1]: Entering directory `/home/rodrygojose/opencv_polimi/v4l-utils-0.8.8/CMakeFiles/CMakeTmp'
/usr/bin/cmake -E cmake_progress_report /home/rodrygojose/opencv_polimi/v4l-utils-0.8.8/CMakeFiles/CMakeTmp/CMakeFiles 1
Building C object CMakeFiles/cmTryCompileExec863245289.dir/CheckIncludeFile.c.o
/usr/bin/gcc   -W -Wall -Werror=return-type -Werror=address -Werror=sequence-point -Wformat -Werror=format-security -Wmissing-declarations -Wmissing-prototypes -Wstrict-prototypes -Wundef -Winit-self -Wpointer-arith -Wshadow -Wno-narrowing -fdiagnostics-show-option -pthread -march=i686 -fomit-frame-pointer -msse -msse2 -msse3 -mfpmath=sse -ffunction-sections   -O3 -DNDEBUG   -o CMakeFiles/cmTryCompileExec863245289.dir/CheckIncludeFile.c.o   -c /home/rodrygojose/opencv_polimi/v4l-utils-0.8.8/CMakeFiles/CMakeTmp/CheckIncludeFile.c
Linking C executable cmTryCompileExec863245289
/usr/bin/cmake -E cmake_link_script CMakeFiles/cmTryCompileExec863245289.dir/link.txt --verbose=1
/usr/bin/gcc      -W -Wall -Werror=return-type -Werror=address -Werror=sequence-point -Wformat -Werror=format-security -Wmissing-declarations -Wmissing-prototypes -Wstrict-prototypes -Wundef -Winit-self -Wpointer-arith -Wshadow -Wno-narrowing -fdiagnostics-show-option -pthread -march=i686 -fomit-frame-pointer -msse -msse2 -msse3 -mfpmath=sse -ffunction-sections   -O3 -DNDEBUG    CMakeFiles/cmTryCompileExec863245289.dir/CheckIncludeFile.c.o  -o cmTryCompileExec863245289 -rdynamic 
gmake[1]: Leaving directory `/home/rodrygojose/opencv_polimi/v4l-utils-0.8.8/CMakeFiles/CMakeTmp'


Determining if the include file linux/videodev2.h exists passed with the following output:
Change Dir: /home/rodrygojose/opencv_polimi/v4l-utils-0.8.8/CMakeFiles/CMakeTmp

Run Build Command:/usr/bin/gmake "cmTryCompileExec76076477/fast"
/usr/bin/gmake -f CMakeFiles/cmTryCompileExec76076477.dir/build.make CMakeFiles/cmTryCompileExec76076477.dir/build
gmake[1]: Entering directory `/home/rodrygojose/opencv_polimi/v4l-utils-0.8.8/CMakeFiles/CMakeTmp'
/usr/bin/cmake -E cmake_progress_report /home/rodrygojose/opencv_polimi/v4l-utils-0.8.8/CMakeFiles/CMakeTmp/CMakeFiles 1
Building C object CMakeFiles/cmTryCompileExec76076477.dir/CheckIncludeFile.c.o
/usr/bin/gcc   -W -Wall -Werror=return-type -Werror=address -Werror=sequence-point -Wformat -Werror=format-security -Wmissing-declarations -Wmissing-prototypes -Wstrict-prototypes -Wundef -Winit-self -Wpointer-arith -Wshadow -Wno-narrowing -fdiagnostics-show-option -pthread -march=i686 -fomit-frame-pointer -msse -msse2 -msse3 -mfpmath=sse -ffunction-sections   -O3 -DNDEBUG   -o CMakeFiles/cmTryCompileExec76076477.dir/CheckIncludeFile.c.o   -c /home/rodrygojose/opencv_polimi/v4l-utils-0.8.8/CMakeFiles/CMakeTmp/CheckIncludeFile.c
Linking C executable cmTryCompileExec76076477
/usr/bin/cmake -E cmake_link_script CMakeFiles/cmTryCompileExec76076477.dir/link.txt --verbose=1
/usr/bin/gcc      -W -Wall -Werror=return-type -Werror=address -Werror=sequence-point -Wformat -Werror=format-security -Wmissing-declarations -Wmissing-prototypes -Wstrict-prototypes -Wundef -Winit-self -Wpointer-arith -Wshadow -Wno-narrowing -fdiagnostics-show-option -pthread -march=i686 -fomit-frame-pointer -msse -msse2 -msse3 -mfpmath=sse -ffunction-sections   -O3 -DNDEBUG    CMakeFiles/cmTryCompileExec76076477.dir/CheckIncludeFile.c.o  -o cmTryCompileExec76076477 -rdynamic 
gmake[1]: Leaving directory `/home/rodrygojose/opencv_polimi/v4l-utils-0.8.8/CMakeFiles/CMakeTmp'


Determining if the include file linux/videodev2.h exists passed with the following output:
Change Dir: /home/rodrygojose/opencv_polimi/v4l-utils-0.8.8/CMakeFiles/CMakeTmp

Run Build Command:/usr/bin/gmake "cmTryCompileExec588010479/fast"
/usr/bin/gmake -f CMakeFiles/cmTryCompileExec588010479.dir/build.make CMakeFiles/cmTryCompileExec588010479.dir/build
gmake[1]: Entering directory `/home/rodrygojose/opencv_polimi/v4l-utils-0.8.8/CMakeFiles/CMakeTmp'
/usr/bin/cmake -E cmake_progress_report /home/rodrygojose/opencv_polimi/v4l-utils-0.8.8/CMakeFiles/CMakeTmp/CMakeFiles 1
Building C object CMakeFiles/cmTryCompileExec588010479.dir/CheckIncludeFile.c.o
/usr/bin/gcc   -W -Wall -Werror=return-type -Werror=address -Werror=sequence-point -Wformat -Werror=format-security -Wmissing-declarations -Wmissing-prototypes -Wstrict-prototypes -Wundef -Winit-self -Wpointer-arith -Wshadow -Wno-narrowing -fdiagnostics-show-option -pthread -march=i686 -fomit-frame-pointer -msse -msse2 -msse3 -mfpmath=sse -ffunction-sections   -O3 -DNDEBUG   -o CMakeFiles/cmTryCompileExec588010479.dir/CheckIncludeFile.c.o   -c /home/rodrygojose/opencv_polimi/v4l-utils-0.8.8/CMakeFiles/CMakeTmp/CheckIncludeFile.c
Linking C executable cmTryCompileExec588010479
/usr/bin/cmake -E cmake_link_script CMakeFiles/cmTryCompileExec588010479.dir/link.txt --verbose=1
/usr/bin/gcc      -W -Wall -Werror=return-type -Werror=address -Werror=sequence-point -Wformat -Werror=format-security -Wmissing-declarations -Wmissing-prototypes -Wstrict-prototypes -Wundef -Winit-self -Wpointer-arith -Wshadow -Wno-narrowing -fdiagnostics-show-option -pthread -march=i686 -fomit-frame-pointer -msse -msse2 -msse3 -mfpmath=sse -ffunction-sections   -O3 -DNDEBUG    CMakeFiles/cmTryCompileExec588010479.dir/CheckIncludeFile.c.o  -o cmTryCompileExec588010479 -rdynamic 
gmake[1]: Leaving directory `/home/rodrygojose/opencv_polimi/v4l-utils-0.8.8/CMakeFiles/CMakeTmp'


Determining if the include file linux/videodev2.h exists passed with the following output:
Change Dir: /home/rodrygojose/opencv_polimi/v4l-utils-0.8.8/CMakeFiles/CMakeTmp

Run Build Command:/usr/bin/gmake "cmTryCompileExec2378581579/fast"
/usr/bin/gmake -f CMakeFiles/cmTryCompileExec2378581579.dir/build.make CMakeFiles/cmTryCompileExec2378581579.dir/build
gmake[1]: Entering directory `/home/rodrygojose/opencv_polimi/v4l-utils-0.8.8/CMakeFiles/CMakeTmp'
/usr/bin/cmake -E cmake_progress_report /home/rodrygojose/opencv_polimi/v4l-utils-0.8.8/CMakeFiles/CMakeTmp/CMakeFiles 1
Building C object CMakeFiles/cmTryCompileExec2378581579.dir/CheckIncludeFile.c.o
/usr/bin/gcc   -W -Wall -Werror=return-type -Werror=address -Werror=sequence-point -Wformat -Werror=format-security -Wmissing-declarations -Wmissing-prototypes -Wstrict-prototypes -Wundef -Winit-self -Wpointer-arith -Wshadow -Wno-narrowing -fdiagnostics-show-option -pthread -march=i686 -fomit-frame-pointer -msse -msse2 -msse3 -mfpmath=sse -ffunction-sections   -O3 -DNDEBUG   -o CMakeFiles/cmTryCompileExec2378581579.dir/CheckIncludeFile.c.o   -c /home/rodrygojose/opencv_polimi/v4l-utils-0.8.8/CMakeFiles/CMakeTmp/CheckIncludeFile.c
Linking C executable cmTryCompileExec2378581579
/usr/bin/cmake -E cmake_link_script CMakeFiles/cmTryCompileExec2378581579.dir/link.txt --verbose=1
/usr/bin/gcc      -W -Wall -Werror=return-type -Werror=address -Werror=sequence-point -Wformat -Werror=format-security -Wmissing-declarations -Wmissing-prototypes -Wstrict-prototypes -Wundef -Winit-self -Wpointer-arith -Wshadow -Wno-narrowing -fdiagnostics-show-option -pthread -march=i686 -fomit-frame-pointer -msse -msse2 -msse3 -mfpmath=sse -ffunction-sections   -O3 -DNDEBUG    CMakeFiles/cmTryCompileExec2378581579.dir/CheckIncludeFile.c.o  -o cmTryCompileExec2378581579 -rdynamic 
gmake[1]: Leaving directory `/home/rodrygojose/opencv_polimi/v4l-utils-0.8.8/CMakeFiles/CMakeTmp'


Determining if the include file linux/videodev2.h exists passed with the following output:
Change Dir: /home/rodrygojose/opencv_polimi/v4l-utils-0.8.8/CMakeFiles/CMakeTmp

Run Build Command:/usr/bin/gmake "cmTryCompileExec3194149978/fast"
/usr/bin/gmake -f CMakeFiles/cmTryCompileExec3194149978.dir/build.make CMakeFiles/cmTryCompileExec3194149978.dir/build
gmake[1]: Entering directory `/home/rodrygojose/opencv_polimi/v4l-utils-0.8.8/CMakeFiles/CMakeTmp'
/usr/bin/cmake -E cmake_progress_report /home/rodrygojose/opencv_polimi/v4l-utils-0.8.8/CMakeFiles/CMakeTmp/CMakeFiles 1
Building C object CMakeFiles/cmTryCompileExec3194149978.dir/CheckIncludeFile.c.o
/usr/bin/gcc   -W -Wall -Werror=return-type -Werror=address -Werror=sequence-point -Wformat -Werror=format-security -Wmissing-declarations -Wmissing-prototypes -Wstrict-prototypes -Wundef -Winit-self -Wpointer-arith -Wshadow -Wno-narrowing -fdiagnostics-show-option -pthread -march=i686 -fomit-frame-pointer -msse -msse2 -msse3 -mfpmath=sse -ffunction-sections   -O3 -DNDEBUG   -o CMakeFiles/cmTryCompileExec3194149978.dir/CheckIncludeFile.c.o   -c /home/rodrygojose/opencv_polimi/v4l-utils-0.8.8/CMakeFiles/CMakeTmp/CheckIncludeFile.c
Linking C executable cmTryCompileExec3194149978
/usr/bin/cmake -E cmake_link_script CMakeFiles/cmTryCompileExec3194149978.dir/link.txt --verbose=1
/usr/bin/gcc      -W -Wall -Werror=return-type -Werror=address -Werror=sequence-point -Wformat -Werror=format-security -Wmissing-declarations -Wmissing-prototypes -Wstrict-prototypes -Wundef -Winit-self -Wpointer-arith -Wshadow -Wno-narrowing -fdiagnostics-show-option -pthread -march=i686 -fomit-frame-pointer -msse -msse2 -msse3 -mfpmath=sse -ffunction-sections   -O3 -DNDEBUG    CMakeFiles/cmTryCompileExec3194149978.dir/CheckIncludeFile.c.o  -o cmTryCompileExec3194149978 -rdynamic 
gmake[1]: Leaving directory `/home/rodrygojose/opencv_polimi/v4l-utils-0.8.8/CMakeFiles/CMakeTmp'


Determining if the include file linux/videodev2.h exists passed with the following output:
Change Dir: /home/rodrygojose/opencv_polimi/v4l-utils-0.8.8/CMakeFiles/CMakeTmp

Run Build Command:/usr/bin/gmake "cmTryCompileExec1338080901/fast"
/usr/bin/gmake -f CMakeFiles/cmTryCompileExec1338080901.dir/build.make CMakeFiles/cmTryCompileExec1338080901.dir/build
gmake[1]: Entering directory `/home/rodrygojose/opencv_polimi/v4l-utils-0.8.8/CMakeFiles/CMakeTmp'
/usr/bin/cmake -E cmake_progress_report /home/rodrygojose/opencv_polimi/v4l-utils-0.8.8/CMakeFiles/CMakeTmp/CMakeFiles 1
Building C object CMakeFiles/cmTryCompileExec1338080901.dir/CheckIncludeFile.c.o
/usr/bin/gcc   -W -Wall -Werror=return-type -Werror=address -Werror=sequence-point -Wformat -Werror=format-security -Wmissing-declarations -Wmissing-prototypes -Wstrict-prototypes -Wundef -Winit-self -Wpointer-arith -Wshadow -Wno-narrowing -fdiagnostics-show-option -pthread -march=i686 -fomit-frame-pointer -msse -msse2 -msse3 -mfpmath=sse -ffunction-sections   -O3 -DNDEBUG   -o CMakeFiles/cmTryCompileExec1338080901.dir/CheckIncludeFile.c.o   -c /home/rodrygojose/opencv_polimi/v4l-utils-0.8.8/CMakeFiles/CMakeTmp/CheckIncludeFile.c
Linking C executable cmTryCompileExec1338080901
/usr/bin/cmake -E cmake_link_script CMakeFiles/cmTryCompileExec1338080901.dir/link.txt --verbose=1
/usr/bin/gcc      -W -Wall -Werror=return-type -Werror=address -Werror=sequence-point -Wformat -Werror=format-security -Wmissing-declarations -Wmissing-prototypes -Wstrict-prototypes -Wundef -Winit-self -Wpointer-arith -Wshadow -Wno-narrowing -fdiagnostics-show-option -pthread -march=i686 -fomit-frame-pointer -msse -msse2 -msse3 -mfpmath=sse -ffunction-sections   -O3 -DNDEBUG    CMakeFiles/cmTryCompileExec1338080901.dir/CheckIncludeFile.c.o  -o cmTryCompileExec1338080901 -rdynamic 
gmake[1]: Leaving directory `/home/rodrygojose/opencv_polimi/v4l-utils-0.8.8/CMakeFiles/CMakeTmp'


